  Columns 1 through 13

     1     1     1     1     1     1     1     1     1     1     1     1     1

  Columns 14 through 26

     1     1     1     1     1     1     1     1     1     1     1     1     1

  Columns 27 through 39

     1     1     1     1     1     1     1     1     1     1     1     1     1

  Columns 40 through 52

     1     1     1     1     1     1     1     1     1     1     1     1     1

  Columns 53 through 65

     1     1     1     1     1     1     1     1     1     1     1     1     1

  Columns 66 through 78

     1     1     1     1     1     1     1     1     1     1     1     1     1

  Columns 79 through 91

     1     1     1     1     1     1     1     1     1     1     1     1     1

  Columns 92 through 100

     1     1     1     1     1     1     1     1     1

  Columns 1 through 13

     1     1     1     1     1     1     1     1     1     1     1     1     1

  Columns 14 through 26

     1     1     1     1     1     1     1     1     1     1     1     1     1

  Columns 27 through 39

     1     1     1     1     1     1     1     1     1     1     1     1     1

  Columns 40 through 52

     1     1     1     1     1     1     1     1     1     1     1     1     1

  Columns 53 through 65

     1     1     1     1     1     1     1     1     1     1     1     1     1

  Columns 66 through 78

     1     1     1     1     1     1     1     1     1     1     1     1     1

  Columns 79 through 91

     1     1     1     1     1     1     1     1     1     1     1     1     1

  Columns 92 through 100

     1     1     1     1     1     1     1     1     1

  Columns 1 through 13

     1     1     1     1     1     1     1     1     1     1     1     1     1

  Columns 14 through 26

     1     1     1     1     1     1     1     1     1     1     1     1     1

  Columns 27 through 39

     1     1     1     1     1     1     1     1     1     1     1     1     1

  Columns 40 through 52

     1     1     1     1     1     1     1     1     1     1     1     1     1

  Columns 53 through 65

     1     1     1     1     1     1     1     1     1     1     1     1     1

  Columns 66 through 78

     1     1     1     1     1     1     1     1     1     1     1     1     1

  Columns 79 through 91

     1     1     1     1     1     1     1     1     1     1     1     1     1

  Columns 92 through 100

     1     1     1     1     1     1     1     1     1

   100

   100

   100

