     0

       10000

        9160

        9743

    0.0100

       10000

        9146

        9727

    0.0200

       10000

        9186

        9790

    0.0300

       10000

        9118

        9728

    0.0400

       10000

        9164

        9750

    0.0500

       10000

        9216

        9762

    0.0600

       10000

        9229

        9782

    0.0700

       10000

        9224

        9770

    0.0800

       10000

        9228

        9770

    0.0900

       10000

        9237

        9760

    0.1000

       10000

        9200

        9748

    0.1100

       10000

        9274

        9775

    0.1200

       10000

        9214

        9763

    0.1300

       10000

        9262

        9750

    0.1400

       10000

        9245

        9763

    0.1500

       10000

        9293

        9785

    0.1600

       10000

        9337

        9777

    0.1700

       10000

        9303

        9781

    0.1800

       10000

        9340

        9806

    0.1900

       10000

        9339

        9799

    0.2000

       10000

        9380

        9796

    0.2100

       10000

        9343

        9774

    0.2200

       10000

        9400

        9788

    0.2300

       10000

        9371

        9806

    0.2400

       10000

        9389

        9776

    0.2500

       10000

        9392

        9797

    0.2600

       10000

        9431

        9798

    0.2700

       10000

        9413

        9804

    0.2800

       10000

        9431

        9784

    0.2900

       10000

        9478

        9783

    0.3000

       10000

        9452

        9824

    0.3100

       10000

        9471

        9840

    0.3200

       10000

        9538

        9811

    0.3300

       10000

        9470

        9807

    0.3400

       10000

        9496

        9804

    0.3500

       10000

        9466

        9814

    0.3600

       10000

        9487

        9803

    0.3700

       10000

        9523

        9807

    0.3800

       10000

        9515

        9827

    0.3900

       10000

        9508

        9802

    0.4000

        9999

        9549

        9830

    0.4100

       10000

        9559

        9815

    0.4200

       10000

        9559

        9813

    0.4300

       10000

        9581

        9837

    0.4400

       10000

        9558

        9830

    0.4500

       10000

        9600

        9818

    0.4600

       10000

        9600

        9842

    0.4700

        9999

        9644

        9845

    0.4800

       10000

        9609

        9849

    0.4900

       10000

        9613

        9831

    0.5000

       10000

        9631

        9816

    0.5100

       10000

        9616

        9838

    0.5200

        9998

        9621

        9856

    0.5300

       10000

        9665

        9870

    0.5400

       10000

        9637

        9826

    0.5500

        9999

        9694

        9858

    0.5600

       10000

        9665

        9841

    0.5700

       10000

        9694

        9844

    0.5800

       10000

        9682

        9842

    0.5900

       10000

        9716

        9876

    0.6000

        9999

        9752

        9861

    0.6100

       10000

        9723

        9863

    0.6200

        9999

        9727

        9862

    0.6300

       10000

        9701

        9856

    0.6400

        9999

        9746

        9851

    0.6500

        9999

        9758

        9886

    0.6600

        9998

        9783

        9856

    0.6700

       10000

        9744

        9896

    0.6800

        9998

        9773

        9861

    0.6900

        9999

        9759

        9862

    0.7000

       10000

        9786

        9868

    0.7100

        9997

        9776

        9866

    0.7200

        9996

        9791

        9876

    0.7300

        9997

        9763

        9905

    0.7400

        9998

        9784

        9862

    0.7500

        9996

        9812

        9887

    0.7600

        9997

        9789

        9889

    0.7700

       10000

        9811

        9898

    0.7800

        9998

        9789

        9886

    0.7900

        9995

        9818

        9884

    0.8000

        9996

        9822

        9901

    0.8100

        9995

        9837

        9888

    0.8200

        9999

        9835

        9906

    0.8300

        9997

        9822

        9888

    0.8400

        9995

        9831

        9905

    0.8500

        9993

        9827

        9905

    0.8600

        9999

        9818

        9913

    0.8700

        9995

        9836

        9891

    0.8800

        9994

        9842

        9896

    0.8900

        9994

        9849

        9907

    0.9000

        9993

        9847

        9911

    0.9100

        9999

        9869

        9902

    0.9200

        9999

        9841

        9904

    0.9300

        9989

        9868

        9920

    0.9400

        9989

        9864

        9899

    0.9500

        9991

        9858

        9920

    0.9600

        9988

        9876

        9914

    0.9700

        9988

        9877

        9895

    0.9800

        9989

        9885

        9909

    0.9900

        9992

        9883

        9918

     1

        9985

        9883

        9926

