     0

       10000

        9997

       10000

     1

        9998

       10000

       10000

     2

        9984

       10000

       10000

     3

        9986

       10000

       10000

     4

        9986

       10000

       10000

     5

        9841

       10000

       10000

     6

        9842

       10000

       10000

     7

        9854

       10000

       10000

     8

        9841

       10000

       10000

     9

        9844

       10000

       10000

    10

        9845

       10000

       10000

