     0

        7549

        3687

        4003

    0.0100

        7109

        3609

        4059

    0.0200

        6630

        3564

        4065

    0.0300

        6317

        3399

        4037

    0.0400

        5954

        3456

        4015

    0.0500

        5611

        3330

        4039

    0.0600

        5365

        3246

        3999

    0.0700

        4996

        3346

        4136

    0.0800

        4839

        3251

        4025

    0.0900

        4737

        3248

        4013

    0.1000

        4483

        3242

        4094

    0.1100

        4393

        3129

        3962

    0.1200

        4301

        3192

        3982

    0.1300

        4182

        3136

        3927

    0.1400

        4160

        3128

        3988

    0.1500

        4022

        3139

        3963

    0.1600

        3999

        3042

        3891

    0.1700

        4096

        3102

        4008

    0.1800

        4011

        3161

        4014

    0.1900

        3936

        3074

        3914

    0.2000

        3862

        3061

        3906

    0.2100

        3787

        3059

        3886

    0.2200

        3897

        3087

        3965

    0.2300

        3794

        3021

        3882

    0.2400

        3767

        2941

        3828

    0.2500

        3830

        3068

        3897

    0.2600

        3761

        3011

        3888

    0.2700

        3819

        3051

        3901

    0.2800

        3835

        3074

        3842

    0.2900

        3813

        3075

        3818

    0.3000

        3793

        3109

        3909

    0.3100

        3761

        2980

        3729

    0.3200

        3799

        2873

        3757

    0.3300

        3766

        2999

        3846

    0.3400

        3870

        2975

        3800

    0.3500

        3796

        2974

        3760

    0.3600

        3796

        3024

        3859

    0.3700

        3817

        3023

        3765

    0.3800

        3784

        2888

        3760

    0.3900

        3811

        2901

        3758

    0.4000

        3772

        3000

        3762

    0.4100

        3736

        2957

        3745

    0.4200

        3783

        2908

        3651

    0.4300

        3725

        2896

        3679

    0.4400

        3765

        2927

        3689

    0.4500

        3753

        2859

        3619

    0.4600

        3675

        2862

        3733

    0.4700

        3779

        2888

        3640

    0.4800

        3802

        2893

        3629

    0.4900

        3785

        2865

        3626

    0.5000

        3775

        2945

        3712

    0.5100

        3796

        2781

        3622

    0.5200

        3764

        2852

        3657

    0.5300

        3727

        2928

        3675

    0.5400

        3685

        2864

        3627

    0.5500

        3705

        2812

        3580

    0.5600

        3791

        2846

        3584

    0.5700

        3721

        2863

        3655

    0.5800

        3723

        2839

        3508

    0.5900

        3830

        2873

        3564

    0.6000

        3784

        2829

        3610

    0.6100

        3760

        2779

        3510

    0.6200

        3785

        2844

        3512

    0.6300

        3743

        2803

        3536

    0.6400

        3755

        2786

        3575

    0.6500

        3820

        2804

        3480

    0.6600

        3772

        2761

        3459

    0.6700

        3809

        2741

        3432

    0.6800

        3768

        2849

        3582

    0.6900

        3657

        2782

        3525

    0.7000

        3699

        2830

        3557

    0.7100

        3766

        2735

        3519

    0.7200

        3787

        2770

        3495

    0.7300

        3694

        2802

        3517

    0.7400

        3716

        2771

        3533

    0.7500

        3804

        2757

        3415

    0.7600

        3742

        2778

        3464

    0.7700

        3743

        2747

        3448

    0.7800

        3750

        2730

        3462

    0.7900

        3714

        2768

        3466

    0.8000

        3732

        2772

        3416

    0.8100

        3653

        2739

        3436

    0.8200

        3771

        2723

        3443

    0.8300

        3751

        2753

        3430

    0.8400

        3686

        2661

        3390

    0.8500

        3721

        2638

        3387

    0.8600

        3755

        2719

        3385

    0.8700

        3780

        2751

        3435

    0.8800

        3814

        2730

        3422

    0.8900

        3744

        2752

        3387

    0.9000

        3676

        2677

        3370

    0.9100

        3632

        2739

        3308

    0.9200

        3657

        2723

        3403

    0.9300

        3762

        2669

        3406

    0.9400

        3713

        2745

        3398

    0.9500

        3748

        2712

        3376

    0.9600

        3813

        2710

        3420

    0.9700

        3800

        2652

        3335

    0.9800

        3682

        2639

        3354

    0.9900

        3829

        2653

        3405

     1

        3789

        2717

        3279

