     0

       10000

        9160

        9743

    0.0100

       10000

        9208

        9765

    0.0200

       10000

        9314

        9784

    0.0300

       10000

        9310

        9789

    0.0400

       10000

        9414

        9787

    0.0500

       10000

        9410

        9826

    0.0600

       10000

        9498

        9836

    0.0700

        9997

        9549

        9833

    0.0800

        9996

        9579

        9861

    0.0900

        9996

        9626

        9854

    0.1000

        9992

        9651

        9877

    0.1100

        9987

        9738

        9875

    0.1200

        9977

        9700

        9876

    0.1300

        9963

        9740

        9906

    0.1400

        9964

        9780

        9907

    0.1500

        9920

        9819

        9915

    0.1600

        9903

        9824

        9919

    0.1700

        9866

        9858

        9939

    0.1800

        9844

        9875

        9947

    0.1900

        9801

        9883

        9946

    0.2000

        9739

        9884

        9945

    0.2100

        9690

        9916

        9968

    0.2200

        9684

        9920

        9963

    0.2300

        9585

        9929

        9943

    0.2400

        9544

        9951

        9968

    0.2500

        9524

        9929

        9959

    0.2600

        9449

        9953

        9981

    0.2700

        9351

        9958

        9968

    0.2800

        9284

        9969

        9978

    0.2900

        9271

        9976

        9975

    0.3000

        9216

        9975

        9985

    0.3100

        9156

        9975

        9984

    0.3200

        9095

        9980

        9984

    0.3300

        9031

        9977

        9977

    0.3400

        8994

        9974

        9982

    0.3500

        8906

        9989

        9990

    0.3600

        8877

        9984

        9983

    0.3700

        8896

        9984

        9994

    0.3800

        8800

        9991

        9988

    0.3900

        8771

        9994

        9993

    0.4000

        8730

        9995

        9991

    0.4100

        8713

        9994

        9990

    0.4200

        8669

        9996

        9992

    0.4300

        8589

        9996

        9992

    0.4400

        8595

        9994

        9992

    0.4500

        8559

        9990

        9990

    0.4600

        8505

        9997

        9990

    0.4700

        8489

        9996

        9997

    0.4800

        8503

        9993

        9992

    0.4900

        8471

        9997

        9992

    0.5000

        8433

        9998

        9997

    0.5100

        8395

        9998

        9998

    0.5200

        8333

        9997

        9998

    0.5300

        8303

        9997

        9997

    0.5400

        8347

        9998

        9996

    0.5500

        8290

        9999

        9998

    0.5600

        8293

       10000

        9996

    0.5700

        8278

        9998

        9996

    0.5800

        8232

        9998

        9998

    0.5900

        8197

        9999

        9996

    0.6000

        8178

        9999

       10000

    0.6100

        8206

       10000

        9998

    0.6200

        8136

        9999

        9998

    0.6300

        8239

       10000

       10000

    0.6400

        8159

        9999

        9999

    0.6500

        8192

       10000

       10000

    0.6600

        8150

       10000

        9997

    0.6700

        8116

       10000

        9996

    0.6800

        8068

       10000

        9999

    0.6900

        8129

       10000

        9999

    0.7000

        8023

       10000

       10000

    0.7100

        8067

       10000

        9999

    0.7200

        8050

       10000

       10000

    0.7300

        8028

       10000

       10000

    0.7400

        8066

        9999

        9999

    0.7500

        8112

       10000

       10000

    0.7600

        8031

       10000

       10000

    0.7700

        8067

       10000

        9999

    0.7800

        8078

       10000

        9999

    0.7900

        8087

       10000

       10000

    0.8000

        8040

       10000

       10000

    0.8100

        8063

       10000

       10000

    0.8200

        8036

       10000

        9999

    0.8300

        8089

       10000

       10000

    0.8400

        8127

       10000

        9998

    0.8500

        8037

       10000

       10000

    0.8600

        8102

       10000

       10000

    0.8700

        8079

       10000

       10000

    0.8800

        8008

       10000

       10000

    0.8900

        8058

       10000

        9999

    0.9000

        8058

       10000

       10000

    0.9100

        8108

       10000

       10000

    0.9200

        8082

       10000

       10000

    0.9300

        8089

       10000

        9999

    0.9400

        8068

       10000

       10000

    0.9500

        8088

       10000

       10000

    0.9600

        8085

       10000

        9999

    0.9700

        8152

       10000

       10000

    0.9800

        8121

       10000

       10000

    0.9900

        8030

       10000

       10000

     1

        8097

       10000

       10000

