  Columns 1 through 13

     1     1     1     1     1     1     1     1     1     1     1     1     1

  Columns 14 through 26

     1     1     1     1     1     1     1     1     1     1     1     1     1

  Columns 27 through 39

     1     1     1     1     1     1     1     1     1     1     1     1     1

  Columns 40 through 52

     1     1     1     1     1     1     1     1     1     1     1     1     1

  Columns 53 through 65

     1     1     1     1     1     1     1     1     1     1     1     1     1

  Columns 66 through 78

     1     1     1     1     1     1     1     1     1     1     3     1     1

  Columns 79 through 91

     1     1     1     1     1     1     1     1     1     1     1     1     1

  Columns 92 through 100

     1     1     1     1     1     1     1     1     1

  Columns 1 through 13

     1     1     1     1     1     1     1     1     1     1     1     2     1

  Columns 14 through 26

     1     1     1     3     1     2     1     1     1     1     3     1     2

  Columns 27 through 39

     1     1     1     1     1     1     2     1     1     1     1     1     1

  Columns 40 through 52

     1     1     1     1     3     1     1     1     1     1     1     1     1

  Columns 53 through 65

     1     3     1     1     2     3     1     1     1     1     1     2     1

  Columns 66 through 78

     1     1     2     3     1     1     1     1     1     1     2     1     1

  Columns 79 through 91

     1     1     1     1     1     1     1     1     2     1     1     1     1

  Columns 92 through 100

     1     2     2     1     1     2     1     1     1

  Columns 1 through 13

     1     1     1     1     1     3     1     1     1     1     1     2     1

  Columns 14 through 26

     1     1     1     2     1     2     1     1     1     1     1     1     2

  Columns 27 through 39

     1     1     1     1     1     1     1     1     1     1     1     1     1

  Columns 40 through 52

     1     1     1     1     1     1     1     1     1     1     1     1     1

  Columns 53 through 65

     1     1     1     1     2     1     1     1     1     1     1     1     1

  Columns 66 through 78

     1     1     2     1     1     1     1     1     1     1     2     1     1

  Columns 79 through 91

     1     1     1     3     1     1     1     1     1     1     1     1     1

  Columns 92 through 100

     1     1     1     1     1     2     1     1     1

    99

    82

    90

