     0

   100

   100

   100

    0.0100

   100

   100

   100

    0.0200

   100

   100

   100

    0.0300

   100

   100

   100

    0.0400

   100

   100

   100

    0.0500

   100

   100

   100

    0.0600

   100

   100

   100

    0.0700

   100

   100

   100

    0.0800

   100

   100

   100

    0.0900

   100

   100

   100

    0.1000

   100

   100

   100

    0.1100

   100

   100

   100

    0.1200

   100

   100

   100

    0.1300

   100

   100

   100

    0.1400

   100

   100

   100

    0.1500

   100

   100

   100

    0.1600

   100

   100

   100

    0.1700

   100

   100

   100

    0.1800

   100

   100

   100

    0.1900

   100

   100

   100

    0.2000

   100

   100

   100

    0.2100

   100

   100

   100

    0.2200

   100

   100

   100

    0.2300

   100

   100

   100

    0.2400

   100

   100

   100

    0.2500

   100

   100

   100

    0.2600

   100

   100

   100

    0.2700

   100

   100

   100

    0.2800

   100

   100

   100

    0.2900

   100

   100

   100

    0.3000

   100

   100

   100

    0.3100

   100

   100

   100

    0.3200

   100

   100

   100

    0.3300

   100

   100

   100

    0.3400

   100

   100

   100

    0.3500

   100

   100

   100

    0.3600

   100

   100

   100

    0.3700

   100

   100

   100

    0.3800

   100

   100

   100

    0.3900

   100

   100

   100

    0.4000

   100

   100

   100

    0.4100

   100

   100

   100

    0.4200

   100

   100

   100

    0.4300

   100

   100

   100

    0.4400

   100

   100

   100

    0.4500

   100

   100

   100

    0.4600

   100

   100

   100

    0.4700

   100

   100

   100

    0.4800

   100

   100

   100

    0.4900

   100

   100

   100

    0.5000

   100

   100

   100

    0.5100

   100

   100

   100

    0.5200

   100

   100

   100

    0.5300

   100

   100

   100

    0.5400

   100

   100

   100

    0.5500

   100

   100

   100

    0.5600

   100

   100

   100

    0.5700

   100

   100

   100

    0.5800

   100

   100

   100

    0.5900

   100

   100

   100

    0.6000

   100

   100

   100

    0.6100

   100

   100

   100

    0.6200

   100

   100

   100

    0.6300

   100

   100

   100

    0.6400

   100

   100

   100

    0.6500

   100

   100

   100

    0.6600

   100

   100

   100

    0.6700

   100

   100

   100

    0.6800

   100

   100

   100

    0.6900

   100

   100

   100

    0.7000

   100

   100

   100

    0.7100

   100

   100

   100

    0.7200

   100

   100

   100

    0.7300

   100

   100

   100

    0.7400

   100

   100

   100

    0.7500

   100

   100

   100

    0.7600

   100

   100

   100

    0.7700

   100

   100

   100

    0.7800

   100

   100

   100

    0.7900

   100

   100

   100

    0.8000

   100

   100

   100

    0.8100

   100

   100

   100

    0.8200

   100

   100

   100

    0.8300

   100

   100

   100

    0.8400

   100

   100

   100

    0.8500

   100

   100

   100

    0.8600

   100

   100

   100

    0.8700

   100

   100

   100

    0.8800

   100

   100

   100

    0.8900

   100

   100

   100

    0.9000

   100

   100

   100

    0.9100

   100

   100

   100

    0.9200

   100

   100

   100

    0.9300

   100

   100

   100

    0.9400

   100

   100

   100

    0.9500

   100

   100

   100

    0.9600

   100

   100

   100

    0.9700

   100

   100

   100

    0.9800

   100

   100

   100

    0.9900

   100

   100

   100

     1

   100

   100

   100

