     0

       10000

        9160

        9743

    0.0100

       10000

        9146

        9727

    0.0200

       10000

        9186

        9790

    0.0300

       10000

        9118

        9728

    0.0400

       10000

        9164

        9750

    0.0500

       10000

        9216

        9762

    0.0600

       10000

        9229

        9782

    0.0700

       10000

        9224

        9770

    0.0800

       10000

        9228

        9770

    0.0900

       10000

        9237

        9760

    0.1000

       10000

        9200

        9748

    0.1100

       10000

        9274

        9775

    0.1200

       10000

        9214

        9763

    0.1300

       10000

        9262

        9750

    0.1400

       10000

        9245

        9763

    0.1500

       10000

        9293

        9785

    0.1600

       10000

        9337

        9777

    0.1700

       10000

        9303

        9781

    0.1800

       10000

        9340

        9806

    0.1900

       10000

        9339

        9799

    0.2000

       10000

        9380

        9796

    0.2100

       10000

        9343

        9774

    0.2200

       10000

        9400

        9788

    0.2300

       10000

        9371

        9806

    0.2400

       10000

        9389

        9776

    0.2500

       10000

        9392

        9797

    0.2600

       10000

        9431

        9798

    0.2700

       10000

        9413

        9804

    0.2800

       10000

        9431

        9784

    0.2900

       10000

        9478

        9783

    0.3000

       10000

        9452

        9824

    0.3100

       10000

        9471

        9840

    0.3200

       10000

        9538

        9811

    0.3300

       10000

        9470

        9807

    0.3400

       10000

        9496

        9804

    0.3500

       10000

        9466

        9814

    0.3600

       10000

        9487

        9803

    0.3700

       10000

        9523

        9807

    0.3800

       10000

        9515

        9827

    0.3900

       10000

        9508

        9802

    0.4000

        9999

        9549

        9830

    0.4100

       10000

        9559

        9815

    0.4200

       10000

        9559

        9813

    0.4300

       10000

        9581

        9837

    0.4400

       10000

        9558

        9830

    0.4500

       10000

        9600

        9818

    0.4600

       10000

        9600

        9842

    0.4700

        9999

        9644

        9845

    0.4800

       10000

        9609

        9849

    0.4900

       10000

        9613

        9831

    0.5000

       10000

        9631

        9816

    0.5100

       10000

        9616

        9838

    0.5200

        9998

        9621

        9856

    0.5300

       10000

        9665

        9870

    0.5400

       10000

        9637

        9826

    0.5500

        9999

        9694

        9858

    0.5600

       10000

        9665

        9841

    0.5700

       10000

        9694

        9844

    0.5800

       10000

        9682

        9842

    0.5900

       10000

        9716

        9876

    0.6000

        9999

        9752

        9861

    0.6100

       10000

        9723

        9863

    0.6200

        9999

        9727

        9862

    0.6300

       10000

        9701

        9856

    0.6400

        9999

        9746

        9851

    0.6500

        9999

        9758

        9886

    0.6600

        9998

        9783

        9856

    0.6700

       10000

        9744

        9896

    0.6800

        9998

        9773

        9861

    0.6900

        9999

        9759

        9862

    0.7000

       10000

        9786

        9868

    0.7100

        9997

        9776

        9866

    0.7200

        9996

        9791

        9876

    0.7300

        9997

        9763

        9905

    0.7400

        9998

        9784

        9862

    0.7500

        9996

        9812

        9887

    0.7600

        9997

        9789

        9889

    0.7700

       10000

        9811

        9898

    0.7800

        9998

        9789

        9886

    0.7900

        9995

        9818

        9884

    0.8000

        9996

        9822

        9901

    0.8100

        9995

        9837

        9888

    0.8200

        9999

        9835

        9906

    0.8300

        9997

        9822

        9888

    0.8400

        9995

        9831

        9905

    0.8500

        9993

        9827

        9905

    0.8600

        9999

        9818

        9913

    0.8700

        9995

        9836

        9891

    0.8800

        9994

        9842

        9896

    0.8900

        9994

        9849

        9907

    0.9000

        9993

        9847

        9911

    0.9100

        9999

        9869

        9902

    0.9200

        9999

        9841

        9904

    0.9300

        9989

        9868

        9920

    0.9400

        9989

        9864

        9899

    0.9500

        9991

        9858

        9920

    0.9600

        9988

        9876

        9914

    0.9700

        9988

        9877

        9895

    0.9800

        9989

        9885

        9909

    0.9900

        9992

        9883

        9918

     1

        9985

        9883

        9926

    1.0100

        9988

        9878

        9919

    1.0200

        9985

        9879

        9924

    1.0300

        9984

        9896

        9920

    1.0400

        9980

        9885

        9894

    1.0500

        9981

        9897

        9914

    1.0600

        9975

        9905

        9900

    1.0700

        9983

        9905

        9911

    1.0800

        9979

        9901

        9944

    1.0900

        9984

        9905

        9919

    1.1000

        9984

        9912

        9940

    1.1100

        9972

        9906

        9905

    1.1200

        9970

        9935

        9952

    1.1300

        9986

        9910

        9909

    1.1400

        9985

        9916

        9935

    1.1500

        9972

        9925

        9937

    1.1600

        9973

        9943

        9929

    1.1700

        9968

        9931

        9947

    1.1800

        9970

        9929

        9933

    1.1900

        9972

        9938

        9949

    1.2000

        9962

        9943

        9932

    1.2100

        9963

        9936

        9931

    1.2200

        9971

        9933

        9929

    1.2300

        9972

        9919

        9928

    1.2400

        9957

        9937

        9918

    1.2500

        9967

        9947

        9942

    1.2600

        9949

        9941

        9943

    1.2700

        9955

        9936

        9929

    1.2800

        9959

        9943

        9955

    1.2900

        9955

        9951

        9934

    1.3000

        9951

        9937

        9950

    1.3100

        9961

        9954

        9945

    1.3200

        9947

        9938

        9948

    1.3300

        9946

        9950

        9945

    1.3400

        9950

        9952

        9949

    1.3500

        9947

        9959

        9944

    1.3600

        9944

        9942

        9946

    1.3700

        9940

        9955

        9953

    1.3800

        9947

        9946

        9963

    1.3900

        9937

        9960

        9952

    1.4000

        9930

        9951

        9960

    1.4100

        9907

        9950

        9961

    1.4200

        9941

        9960

        9955

    1.4300

        9938

        9970

        9957

    1.4400

        9941

        9968

        9956

    1.4500

        9906

        9965

        9953

    1.4600

        9923

        9956

        9944

    1.4700

        9913

        9965

        9949

    1.4800

        9915

        9950

        9951

    1.4900

        9917

        9963

        9960

    1.5000

        9904

        9970

        9965

    1.5100

        9911

        9976

        9972

    1.5200

        9908

        9972

        9980

    1.5300

        9902

        9967

        9945

    1.5400

        9905

        9966

        9958

    1.5500

        9900

        9975

        9959

    1.5600

        9895

        9976

        9967

    1.5700

        9885

        9976

        9967

    1.5800

        9886

        9970

        9966

    1.5900

        9891

        9977

        9964

    1.6000

        9875

        9978

        9973

    1.6100

        9893

        9974

        9958

    1.6200

        9878

        9978

        9964

    1.6300

        9873

        9972

        9975

    1.6400

        9885

        9976

        9964

    1.6500

        9874

        9973

        9971

    1.6600

        9864

        9981

        9969

    1.6700

        9853

        9978

        9964

    1.6800

        9849

        9977

        9977

    1.6900

        9845

        9976

        9954

    1.7000

        9845

        9976

        9967

    1.7100

        9850

        9981

        9965

    1.7200

        9843

        9985

        9976

    1.7300

        9866

        9978

        9976

    1.7400

        9829

        9983

        9974

    1.7500

        9834

        9973

        9971

    1.7600

        9834

        9981

        9974

    1.7700

        9828

        9981

        9962

    1.7800

        9815

        9987

        9971

    1.7900

        9820

        9983

        9978

    1.8000

        9811

        9988

        9983

    1.8100

        9780

        9985

        9976

    1.8200

        9795

        9984

        9974

    1.8300

        9815

        9979

        9974

    1.8400

        9778

        9983

        9978

    1.8500

        9785

        9982

        9976

    1.8600

        9807

        9984

        9969

    1.8700

        9792

        9992

        9974

    1.8800

        9780

        9987

        9972

    1.8900

        9794

        9989

        9984

    1.9000

        9757

        9992

        9982

    1.9100

        9773

        9993

        9972

    1.9200

        9776

        9989

        9979

    1.9300

        9770

        9992

        9978

    1.9400

        9744

        9995

        9974

    1.9500

        9772

        9983

        9982

    1.9600

        9782

        9992

        9980

    1.9700

        9749

        9993

        9975

    1.9800

        9746

        9991

        9975

    1.9900

        9735

        9993

        9980

     2

        9777

        9987

        9983

    2.0100

        9727

        9991

        9962

    2.0200

        9727

        9990

        9980

    2.0300

        9712

        9991

        9978

    2.0400

        9720

        9991

        9972

    2.0500

        9703

        9992

        9975

    2.0600

        9694

        9992

        9983

    2.0700

        9724

        9993

        9979

    2.0800

        9696

        9991

        9981

    2.0900

        9703

        9994

        9985

    2.1000

        9676

        9996

        9983

    2.1100

        9698

        9992

        9989

    2.1200

        9691

        9995

        9984

    2.1300

        9655

        9996

        9988

    2.1400

        9672

        9989

        9984

    2.1500

        9686

        9991

        9981

    2.1600

        9670

        9996

        9983

    2.1700

        9651

        9992

        9985

    2.1800

        9657

        9994

        9982

    2.1900

        9644

        9996

        9984

    2.2000

        9665

        9997

        9984

    2.2100

        9659

        9995

        9983

    2.2200

        9646

        9995

        9982

    2.2300

        9633

        9995

        9982

    2.2400

        9605

        9993

        9986

    2.2500

        9638

        9995

        9985

    2.2600

        9620

        9993

        9989

    2.2700

        9600

        9997

        9995

    2.2800

        9640

        9996

        9980

    2.2900

        9608

        9998

        9991

    2.3000

        9639

        9995

        9995

    2.3100

        9598

        9993

        9983

    2.3200

        9596

        9995

        9990

    2.3300

        9626

        9997

        9986

    2.3400

        9605

        9997

        9990

    2.3500

        9605

        9997

        9983

    2.3600

        9537

        9999

        9986

    2.3700

        9597

        9999

        9988

    2.3800

        9571

        9999

        9993

    2.3900

        9545

        9998

        9981

    2.4000

        9563

        9996

        9989

    2.4100

        9575

        9995

        9990

    2.4200

        9534

        9998

        9991

    2.4300

        9530

        9997

        9989

    2.4400

        9535

        9997

        9989

    2.4500

        9511

        9999

        9994

    2.4600

        9592

        9996

        9992

    2.4700

        9503

        9995

        9991

    2.4800

        9528

        9997

        9993

    2.4900

        9536

        9994

        9987

    2.5000

        9516

        9996

        9990

    2.5100

        9510

        9998

        9993

    2.5200

        9525

        9995

        9993

    2.5300

        9505

        9998

        9993

    2.5400

        9508

        9999

        9989

    2.5500

        9508

        9997

        9993

    2.5600

        9495

        9999

        9990

    2.5700

        9496

        9998

        9994

    2.5800

        9492

        9998

        9993

    2.5900

        9488

       10000

        9995

    2.6000

        9472

       10000

        9994

    2.6100

        9464

        9996

        9991

    2.6200

        9456

        9998

        9992

    2.6300

        9468

       10000

        9991

    2.6400

        9471

        9997

        9988

    2.6500

        9463

        9998

        9992

    2.6600

        9420

       10000

        9988

    2.6700

        9454

        9998

        9995

    2.6800

        9412

        9999

        9994

    2.6900

        9467

        9998

        9999

    2.7000

        9413

       10000

        9995

    2.7100

        9411

        9996

        9995

    2.7200

        9414

        9999

        9993

    2.7300

        9422

        9998

        9994

    2.7400

        9405

        9997

        9993

    2.7500

        9385

        9999

        9989

    2.7600

        9377

        9998

        9995

    2.7700

        9414

        9999

        9993

    2.7800

        9432

       10000

        9994

    2.7900

        9376

        9999

        9999

    2.8000

        9408

       10000

        9995

    2.8100

        9372

        9999

        9996

    2.8200

        9362

        9998

        9993

    2.8300

        9317

        9998

        9994

    2.8400

        9378

        9999

        9992

    2.8500

        9386

       10000

        9996

    2.8600

        9397

       10000

        9997

    2.8700

        9405

        9999

        9995

    2.8800

        9312

        9999

        9994

    2.8900

        9317

        9999

        9992

    2.9000

        9346

       10000

        9995

    2.9100

        9347

       10000

        9995

    2.9200

        9382

       10000

        9994

    2.9300

        9317

       10000

        9995

    2.9400

        9285

       10000

        9994

    2.9500

        9310

        9999

        9999

    2.9600

        9337

        9999

        9995

    2.9700

        9335

       10000

        9998

    2.9800

        9344

       10000

        9995

    2.9900

        9295

       10000

        9997

     3

        9284

        9999

        9997

    3.0100

        9243

       10000

        9999

    3.0200

        9301

       10000

        9996

    3.0300

        9334

       10000

        9998

    3.0400

        9252

       10000

        9993

    3.0500

        9294

        9999

        9994

    3.0600

        9260

        9999

        9995

    3.0700

        9288

        9999

        9993

    3.0800

        9242

        9999

        9997

    3.0900

        9284

        9999

        9998

    3.1000

        9272

        9999

        9994

    3.1100

        9279

        9999

        9996

    3.1200

        9229

       10000

        9994

    3.1300

        9203

       10000

        9993

    3.1400

        9226

       10000

        9997

    3.1500

        9200

       10000

        9997

    3.1600

        9226

       10000

        9998

    3.1700

        9232

       10000

        9998

    3.1800

        9190

       10000

        9997

    3.1900

        9224

        9999

        9999

    3.2000

        9260

       10000

        9998

    3.2100

        9217

       10000

        9998

    3.2200

        9201

        9999

        9996

    3.2300

        9205

        9999

        9998

    3.2400

        9139

       10000

        9998

    3.2500

        9212

       10000

        9995

    3.2600

        9179

        9999

        9999

    3.2700

        9221

        9999

        9998

    3.2800

        9133

        9998

        9996

    3.2900

        9179

        9999

       10000

    3.3000

        9163

       10000

        9999

    3.3100

        9163

       10000

        9999

    3.3200

        9159

        9999

        9996

    3.3300

        9169

       10000

        9997

    3.3400

        9175

       10000

        9996

    3.3500

        9103

       10000

        9997

    3.3600

        9165

       10000

        9998

    3.3700

        9110

       10000

        9996

    3.3800

        9117

        9999

        9996

    3.3900

        9177

        9999

        9998

    3.4000

        9126

        9999

        9996

    3.4100

        9096

       10000

       10000

    3.4200

        9111

        9999

        9998

    3.4300

        9129

       10000

        9999

    3.4400

        9124

       10000

        9995

    3.4500

        9107

       10000

        9993

    3.4600

        9104

       10000

        9998

    3.4700

        9095

        9998

        9997

    3.4800

        9084

       10000

        9997

    3.4900

        9098

       10000

       10000

    3.5000

        9072

        9999

        9998

    3.5100

        9099

       10000

        9998

    3.5200

        9047

        9999

        9997

    3.5300

        9081

       10000

        9999

    3.5400

        9071

       10000

        9996

    3.5500

        9060

       10000

        9994

    3.5600

        9081

       10000

        9998

    3.5700

        9037

       10000

        9998

    3.5800

        9060

       10000

        9997

    3.5900

        9025

       10000

        9998

    3.6000

        9069

       10000

        9996

    3.6100

        9023

       10000

        9998

    3.6200

        9043

       10000

       10000

    3.6300

        9060

       10000

        9998

    3.6400

        9062

       10000

        9998

    3.6500

        9085

       10000

        9997

    3.6600

        9055

       10000

       10000

    3.6700

        9041

        9999

        9996

    3.6800

        9011

       10000

        9996

    3.6900

        9056

        9999

        9996

    3.7000

        8995

       10000

        9997

    3.7100

        8997

       10000

        9998

    3.7200

        9002

       10000

        9999

    3.7300

        9029

       10000

        9998

    3.7400

        8970

       10000

        9999

    3.7500

        9024

       10000

        9999

    3.7600

        8992

        9999

        9998

    3.7700

        9014

       10000

       10000

    3.7800

        9034

       10000

       10000

    3.7900

        8945

       10000

        9998

    3.8000

        9034

       10000

        9998

    3.8100

        8969

       10000

        9998

    3.8200

        8923

       10000

        9998

    3.8300

        9011

       10000

        9999

    3.8400

        8967

       10000

       10000

    3.8500

        9033

       10000

        9997

    3.8600

        8929

       10000

        9998

    3.8700

        9019

       10000

        9998

    3.8800

        8996

       10000

        9998

    3.8900

        8931

       10000

       10000

    3.9000

        8921

       10000

       10000

    3.9100

        8948

       10000

        9998

    3.9200

        8912

       10000

       10000

    3.9300

        8919

       10000

       10000

    3.9400

        8887

       10000

        9999

    3.9500

        8920

       10000

        9999

    3.9600

        8968

       10000

        9998

    3.9700

        8881

       10000

        9999

    3.9800

        8938

       10000

       10000

    3.9900

        8934

       10000

        9998

     4

        8926

       10000

        9999

    4.0100

        8941

       10000

       10000

    4.0200

        8913

       10000

        9999

    4.0300

        8892

       10000

        9998

    4.0400

        8899

       10000

        9999

    4.0500

        8941

       10000

       10000

    4.0600

        8871

       10000

        9999

    4.0700

        8911

       10000

        9999

    4.0800

        8934

       10000

       10000

    4.0900

        8899

       10000

        9997

    4.1000

        8891

        9999

        9997

    4.1100

        8891

       10000

        9999

    4.1200

        8888

       10000

        9999

    4.1300

        8889

       10000

        9999

    4.1400

        8924

       10000

       10000

    4.1500

        8891

       10000

        9999

    4.1600

        8835

       10000

        9999

    4.1700

        8889

       10000

       10000

    4.1800

        8921

       10000

       10000

    4.1900

        8827

       10000

       10000

    4.2000

        8869

       10000

       10000

    4.2100

        8873

       10000

       10000

    4.2200

        8816

       10000

       10000

    4.2300

        8885

       10000

        9999

    4.2400

        8846

       10000

       10000

    4.2500

        8939

       10000

       10000

    4.2600

        8841

       10000

        9999

    4.2700

        8785

       10000

       10000

    4.2800

        8852

       10000

        9999

    4.2900

        8781

       10000

       10000

    4.3000

        8867

       10000

       10000

    4.3100

        8813

       10000

        9999

    4.3200

        8812

       10000

       10000

    4.3300

        8834

       10000

        9999

    4.3400

        8856

       10000

       10000

    4.3500

        8808

       10000

        9999

    4.3600

        8790

       10000

       10000

    4.3700

        8833

       10000

       10000

    4.3800

        8816

       10000

        9999

    4.3900

        8774

       10000

       10000

    4.4000

        8774

       10000

       10000

    4.4100

        8791

       10000

       10000

    4.4200

        8803

       10000

       10000

    4.4300

        8781

       10000

       10000

    4.4400

        8848

       10000

        9999

    4.4500

        8859

       10000

       10000

    4.4600

        8795

       10000

       10000

    4.4700

        8724

       10000

       10000

    4.4800

        8792

       10000

        9999

    4.4900

        8747

       10000

        9997

    4.5000

        8744

       10000

        9999

    4.5100

        8795

       10000

       10000

    4.5200

        8766

       10000

        9998

    4.5300

        8769

       10000

       10000

    4.5400

        8850

       10000

       10000

    4.5500

        8829

       10000

       10000

    4.5600

        8741

       10000

       10000

    4.5700

        8767

       10000

        9999

    4.5800

        8806

       10000

       10000

    4.5900

        8747

       10000

        9999

    4.6000

        8750

       10000

        9999

    4.6100

        8756

       10000

       10000

    4.6200

        8739

       10000

        9999

    4.6300

        8751

       10000

        9999

    4.6400

        8756

       10000

       10000

    4.6500

        8795

       10000

       10000

    4.6600

        8764

       10000

       10000

    4.6700

        8722

       10000

       10000

    4.6800

        8743

       10000

       10000

    4.6900

        8728

       10000

        9998

    4.7000

        8756

       10000

        9999

    4.7100

        8752

       10000

       10000

    4.7200

        8720

       10000

       10000

    4.7300

        8811

       10000

       10000

    4.7400

        8770

       10000

       10000

    4.7500

        8742

       10000

       10000

    4.7600

        8796

       10000

       10000

    4.7700

        8713

       10000

       10000

    4.7800

        8699

       10000

        9999

    4.7900

        8708

       10000

       10000

    4.8000

        8684

       10000

       10000

    4.8100

        8668

       10000

       10000

    4.8200

        8669

       10000

       10000

    4.8300

        8710

       10000

        9999

    4.8400

        8693

       10000

       10000

    4.8500

        8692

       10000

        9999

    4.8600

        8723

       10000

       10000

    4.8700

        8683

       10000

       10000

    4.8800

        8731

       10000

        9999

    4.8900

        8712

       10000

       10000

    4.9000

        8644

       10000

       10000

    4.9100

        8619

       10000

       10000

    4.9200

        8690

       10000

       10000

    4.9300

        8753

       10000

       10000

    4.9400

        8730

       10000

       10000

    4.9500

        8724

       10000

       10000

    4.9600

        8663

       10000

       10000

    4.9700

        8700

       10000

        9999

    4.9800

        8713

       10000

       10000

    4.9900

        8612

       10000

       10000

     5

        8700

       10000

       10000

    5.0100

        8604

       10000

       10000

    5.0200

        8685

       10000

       10000

    5.0300

        8632

       10000

       10000

    5.0400

        8669

       10000

       10000

    5.0500

        8747

       10000

       10000

    5.0600

        8620

       10000

       10000

    5.0700

        8657

       10000

       10000

    5.0800

        8681

       10000

        9999

    5.0900

        8683

       10000

       10000

    5.1000

        8682

       10000

       10000

    5.1100

        8668

       10000

       10000

    5.1200

        8670

       10000

        9999

    5.1300

        8668

       10000

        9999

    5.1400

        8630

       10000

       10000

    5.1500

        8642

       10000

       10000

    5.1600

        8573

       10000

       10000

    5.1700

        8674

       10000

       10000

    5.1800

        8588

       10000

       10000

    5.1900

        8669

       10000

       10000

    5.2000

        8640

       10000

       10000

    5.2100

        8663

       10000

       10000

    5.2200

        8655

       10000

       10000

    5.2300

        8684

       10000

       10000

    5.2400

        8591

       10000

       10000

    5.2500

        8614

       10000

        9999

    5.2600

        8694

       10000

       10000

    5.2700

        8607

       10000

       10000

    5.2800

        8671

       10000

        9999

    5.2900

        8626

       10000

       10000

    5.3000

        8651

       10000

       10000

    5.3100

        8576

       10000

       10000

    5.3200

        8644

       10000

       10000

    5.3300

        8583

       10000

       10000

    5.3400

        8631

       10000

       10000

    5.3500

        8592

       10000

       10000

    5.3600

        8556

       10000

       10000

    5.3700

        8599

       10000

       10000

    5.3800

        8594

       10000

        9999

    5.3900

        8637

       10000

       10000

    5.4000

        8637

       10000

       10000

    5.4100

        8618

       10000

       10000

    5.4200

        8611

       10000

        9999

    5.4300

        8647

       10000

       10000

    5.4400

        8619

       10000

       10000

    5.4500

        8614

       10000

       10000

    5.4600

        8543

       10000

       10000

    5.4700

        8593

       10000

       10000

    5.4800

        8564

       10000

       10000

    5.4900

        8522

       10000

       10000

    5.5000

        8538

       10000

       10000

    5.5100

        8526

       10000

       10000

    5.5200

        8580

       10000

       10000

    5.5300

        8550

       10000

       10000

    5.5400

        8584

       10000

       10000

    5.5500

        8554

       10000

       10000

    5.5600

        8568

       10000

       10000

    5.5700

        8498

       10000

        9999

    5.5800

        8586

       10000

       10000

    5.5900

        8652

       10000

       10000

    5.6000

        8598

       10000

       10000

    5.6100

        8625

       10000

       10000

    5.6200

        8538

       10000

       10000

    5.6300

        8562

       10000

       10000

    5.6400

        8577

       10000

       10000

    5.6500

        8628

       10000

       10000

    5.6600

        8609

       10000

       10000

    5.6700

        8532

       10000

       10000

    5.6800

        8537

       10000

       10000

    5.6900

        8574

       10000

       10000

    5.7000

        8586

       10000

       10000

    5.7100

        8554

       10000

       10000

    5.7200

        8539

       10000

       10000

    5.7300

        8543

       10000

        9999

    5.7400

        8592

       10000

       10000

    5.7500

        8585

       10000

       10000

    5.7600

        8514

       10000

       10000

    5.7700

        8592

       10000

       10000

    5.7800

        8568

       10000

       10000

    5.7900

        8582

       10000

       10000

    5.8000

        8479

       10000

        9999

    5.8100

        8525

       10000

       10000

    5.8200

        8539

       10000

       10000

    5.8300

        8536

       10000

       10000

    5.8400

        8540

       10000

       10000

    5.8500

        8548

       10000

       10000

    5.8600

        8570

       10000

       10000

    5.8700

        8499

       10000

       10000

    5.8800

        8549

       10000

       10000

    5.8900

        8531

       10000

       10000

    5.9000

        8534

       10000

       10000

    5.9100

        8512

       10000

       10000

    5.9200

        8564

       10000

       10000

    5.9300

        8526

       10000

       10000

    5.9400

        8566

       10000

       10000

    5.9500

        8555

       10000

       10000

    5.9600

        8483

       10000

       10000

    5.9700

        8532

       10000

       10000

    5.9800

        8527

       10000

       10000

    5.9900

        8486

       10000

       10000

     6

        8516

       10000

       10000

    6.0100

        8554

       10000

       10000

    6.0200

        8499

       10000

       10000

    6.0300

        8474

       10000

       10000

    6.0400

        8569

       10000

       10000

    6.0500

        8493

       10000

       10000

    6.0600

        8556

       10000

       10000

    6.0700

        8540

       10000

       10000

    6.0800

        8494

       10000

       10000

    6.0900

        8494

       10000

       10000

    6.1000

        8492

       10000

       10000

    6.1100

        8495

       10000

       10000

    6.1200

        8591

       10000

       10000

    6.1300

        8507

       10000

       10000

    6.1400

        8537

       10000

       10000

    6.1500

        8534

       10000

       10000

    6.1600

        8554

       10000

       10000

    6.1700

        8523

       10000

       10000

    6.1800

        8522

       10000

       10000

    6.1900

        8503

       10000

       10000

    6.2000

        8505

       10000

       10000

    6.2100

        8512

       10000

       10000

    6.2200

        8451

       10000

       10000

    6.2300

        8468

       10000

       10000

    6.2400

        8546

       10000

       10000

    6.2500

        8437

       10000

       10000

    6.2600

        8512

       10000

       10000

    6.2700

        8412

       10000

       10000

    6.2800

        8464

       10000

       10000

    6.2900

        8548

       10000

       10000

    6.3000

        8518

       10000

       10000

    6.3100

        8461

       10000

       10000

    6.3200

        8495

       10000

       10000

    6.3300

        8414

       10000

       10000

    6.3400

        8563

       10000

       10000

    6.3500

        8498

       10000

       10000

    6.3600

        8447

       10000

       10000

    6.3700

        8462

       10000

       10000

    6.3800

        8470

       10000

       10000

    6.3900

        8478

       10000

       10000

    6.4000

        8507

       10000

       10000

    6.4100

        8481

       10000

       10000

    6.4200

        8445

       10000

       10000

    6.4300

        8417

       10000

        9999

    6.4400

        8463

       10000

       10000

    6.4500

        8484

       10000

       10000

    6.4600

        8464

       10000

       10000

    6.4700

        8503

       10000

       10000

    6.4800

        8444

       10000

       10000

    6.4900

        8441

       10000

       10000

    6.5000

        8447

       10000

       10000

    6.5100

        8479

       10000

       10000

    6.5200

        8473

       10000

       10000

    6.5300

        8429

       10000

       10000

    6.5400

        8418

       10000

       10000

    6.5500

        8514

       10000

       10000

    6.5600

        8561

       10000

       10000

    6.5700

        8423

       10000

       10000

    6.5800

        8509

       10000

       10000

    6.5900

        8484

       10000

       10000

    6.6000

        8437

       10000

       10000

    6.6100

        8406

       10000

       10000

    6.6200

        8509

       10000

       10000

    6.6300

        8495

       10000

        9999

    6.6400

        8453

       10000

       10000

    6.6500

        8455

       10000

       10000

    6.6600

        8483

       10000

       10000

    6.6700

        8463

       10000

       10000

    6.6800

        8382

       10000

       10000

    6.6900

        8414

       10000

       10000

    6.7000

        8481

       10000

       10000

    6.7100

        8427

       10000

       10000

    6.7200

        8423

       10000

       10000

    6.7300

        8431

       10000

       10000

    6.7400

        8424

       10000

       10000

    6.7500

        8408

       10000

       10000

    6.7600

        8436

       10000

       10000

    6.7700

        8446

       10000

       10000

    6.7800

        8456

       10000

       10000

    6.7900

        8425

       10000

       10000

    6.8000

        8414

       10000

       10000

    6.8100

        8481

       10000

       10000

    6.8200

        8407

       10000

       10000

    6.8300

        8471

       10000

       10000

    6.8400

        8440

       10000

       10000

    6.8500

        8455

       10000

       10000

    6.8600

        8400

       10000

       10000

    6.8700

        8426

       10000

       10000

    6.8800

        8375

       10000

       10000

    6.8900

        8411

       10000

       10000

    6.9000

        8398

       10000

       10000

    6.9100

        8415

       10000

       10000

    6.9200

        8455

       10000

       10000

    6.9300

        8401

       10000

       10000

    6.9400

        8408

       10000

       10000

    6.9500

        8486

       10000

       10000

    6.9600

        8400

       10000

       10000

    6.9700

        8405

       10000

       10000

    6.9800

        8419

       10000

       10000

    6.9900

        8405

       10000

       10000

     7

        8445

       10000

       10000

    7.0100

        8438

       10000

       10000

    7.0200

        8454

       10000

       10000

    7.0300

        8356

       10000

       10000

    7.0400

        8392

       10000

       10000

    7.0500

        8395

       10000

       10000

    7.0600

        8404

       10000

       10000

    7.0700

        8407

       10000

       10000

    7.0800

        8383

       10000

       10000

    7.0900

        8469

       10000

       10000

    7.1000

        8442

       10000

       10000

    7.1100

        8311

       10000

       10000

    7.1200

        8473

       10000

       10000

    7.1300

        8447

       10000

       10000

    7.1400

        8437

       10000

       10000

    7.1500

        8431

       10000

       10000

    7.1600

        8439

       10000

       10000

    7.1700

        8471

       10000

       10000

    7.1800

        8446

       10000

       10000

    7.1900

        8400

       10000

       10000

    7.2000

        8349

       10000

       10000

    7.2100

        8427

       10000

       10000

    7.2200

        8362

       10000

       10000

    7.2300

        8404

       10000

       10000

    7.2400

        8360

       10000

       10000

    7.2500

        8436

       10000

       10000

    7.2600

        8392

       10000

       10000

    7.2700

        8366

       10000

       10000

    7.2800

        8354

       10000

       10000

    7.2900

        8299

       10000

       10000

    7.3000

        8492

       10000

       10000

    7.3100

        8453

       10000

       10000

    7.3200

        8460

       10000

       10000

    7.3300

        8397

       10000

       10000

    7.3400

        8394

       10000

       10000

    7.3500

        8351

       10000

       10000

    7.3600

        8424

       10000

       10000

    7.3700

        8423

       10000

       10000

    7.3800

        8461

       10000

       10000

    7.3900

        8409

       10000

       10000

    7.4000

        8472

       10000

       10000

    7.4100

        8400

       10000

       10000

    7.4200

        8422

       10000

       10000

    7.4300

        8378

       10000

       10000

    7.4400

        8346

       10000

       10000

    7.4500

        8434

       10000

       10000

    7.4600

        8371

       10000

       10000

    7.4700

        8388

       10000

       10000

    7.4800

        8372

       10000

       10000

    7.4900

        8447

       10000

       10000

    7.5000

        8403

       10000

       10000

    7.5100

        8426

       10000

       10000

    7.5200

        8462

       10000

       10000

    7.5300

        8474

       10000

       10000

    7.5400

        8413

       10000

       10000

    7.5500

        8460

       10000

       10000

    7.5600

        8415

       10000

       10000

    7.5700

        8365

       10000

       10000

    7.5800

        8391

       10000

       10000

    7.5900

        8400

       10000

       10000

    7.6000

        8378

       10000

       10000

    7.6100

        8342

       10000

       10000

    7.6200

        8421

       10000

       10000

    7.6300

        8355

       10000

       10000

    7.6400

        8360

       10000

       10000

    7.6500

        8413

       10000

       10000

    7.6600

        8407

       10000

       10000

    7.6700

        8413

       10000

       10000

    7.6800

        8476

       10000

       10000

    7.6900

        8375

       10000

       10000

    7.7000

        8408

       10000

       10000

    7.7100

        8377

       10000

       10000

    7.7200

        8340

       10000

       10000

    7.7300

        8344

       10000

       10000

    7.7400

        8404

       10000

       10000

    7.7500

        8405

       10000

       10000

    7.7600

        8353

       10000

       10000

    7.7700

        8404

       10000

       10000

    7.7800

        8379

       10000

       10000

    7.7900

        8374

       10000

       10000

    7.8000

        8361

       10000

       10000

    7.8100

        8397

       10000

       10000

    7.8200

        8398

       10000

       10000

    7.8300

        8375

       10000

       10000

    7.8400

        8388

       10000

       10000

    7.8500

        8431

       10000

       10000

    7.8600

        8358

       10000

       10000

    7.8700

        8392

       10000

       10000

    7.8800

        8431

       10000

       10000

    7.8900

        8382

       10000

       10000

    7.9000

        8380

       10000

       10000

    7.9100

        8326

       10000

       10000

    7.9200

        8415

       10000

       10000

    7.9300

        8372

       10000

       10000

    7.9400

        8461

       10000

       10000

    7.9500

        8365

       10000

       10000

    7.9600

        8400

       10000

       10000

    7.9700

        8424

       10000

       10000

    7.9800

        8440

       10000

       10000

    7.9900

        8392

       10000

       10000

     8

        8379

       10000

       10000

    8.0100

        8391

       10000

       10000

    8.0200

        8393

       10000

       10000

    8.0300

        8343

       10000

       10000

    8.0400

        8437

       10000

       10000

    8.0500

        8391

       10000

       10000

    8.0600

        8430

       10000

       10000

    8.0700

        8383

       10000

       10000

    8.0800

        8349

       10000

       10000

    8.0900

        8454

       10000

       10000

    8.1000

        8370

       10000

       10000

    8.1100

        8358

       10000

       10000

    8.1200

        8391

       10000

       10000

    8.1300

        8391

       10000

       10000

    8.1400

        8297

       10000

       10000

    8.1500

        8407

       10000

       10000

    8.1600

        8430

       10000

       10000

    8.1700

        8427

       10000

       10000

    8.1800

        8394

       10000

       10000

    8.1900

        8357

       10000

       10000

    8.2000

        8326

       10000

       10000

    8.2100

        8351

       10000

       10000

    8.2200

        8391

       10000

       10000

    8.2300

        8377

       10000

       10000

    8.2400

        8341

       10000

       10000

    8.2500

        8362

       10000

       10000

    8.2600

        8286

       10000

       10000

    8.2700

        8296

       10000

       10000

    8.2800

        8354

       10000

       10000

    8.2900

        8375

       10000

       10000

    8.3000

        8338

       10000

       10000

    8.3100

        8437

       10000

       10000

    8.3200

        8306

       10000

       10000

    8.3300

        8371

       10000

       10000

    8.3400

        8346

       10000

       10000

    8.3500

        8344

       10000

       10000

    8.3600

        8309

       10000

       10000

    8.3700

        8380

       10000

       10000

    8.3800

        8421

       10000

       10000

    8.3900

        8375

       10000

       10000

    8.4000

        8396

       10000

       10000

    8.4100

        8362

       10000

       10000

    8.4200

        8332

       10000

       10000

    8.4300

        8433

       10000

       10000

    8.4400

        8390

       10000

       10000

    8.4500

        8372

       10000

       10000

    8.4600

        8316

       10000

       10000

    8.4700

        8355

       10000

       10000

    8.4800

        8408

       10000

       10000

    8.4900

        8378

       10000

       10000

    8.5000

        8329

       10000

       10000

    8.5100

        8322

       10000

       10000

    8.5200

        8407

       10000

       10000

    8.5300

        8340

       10000

       10000

    8.5400

        8332

       10000

       10000

    8.5500

        8379

       10000

       10000

    8.5600

        8373

       10000

       10000

    8.5700

        8357

       10000

       10000

    8.5800

        8324

       10000

       10000

    8.5900

        8358

       10000

       10000

    8.6000

        8326

       10000

       10000

    8.6100

        8362

       10000

       10000

    8.6200

        8331

       10000

       10000

    8.6300

        8394

       10000

       10000

    8.6400

        8399

       10000

       10000

    8.6500

        8308

       10000

       10000

    8.6600

        8343

       10000

       10000

    8.6700

        8330

       10000

       10000

    8.6800

        8315

       10000

       10000

    8.6900

        8327

       10000

       10000

    8.7000

        8363

       10000

       10000

    8.7100

        8323

       10000

       10000

    8.7200

        8342

       10000

       10000

    8.7300

        8399

       10000

       10000

    8.7400

        8414

       10000

       10000

    8.7500

        8357

       10000

       10000

    8.7600

        8430

       10000

       10000

    8.7700

        8346

       10000

       10000

    8.7800

        8329

       10000

       10000

    8.7900

        8382

       10000

       10000

    8.8000

        8447

       10000

       10000

    8.8100

        8375

       10000

       10000

    8.8200

        8324

       10000

       10000

    8.8300

        8329

       10000

       10000

    8.8400

        8383

       10000

       10000

    8.8500

        8373

       10000

       10000

    8.8600

        8324

       10000

       10000

    8.8700

        8369

       10000

       10000

    8.8800

        8365

       10000

       10000

    8.8900

        8387

       10000

       10000

    8.9000

        8289

       10000

       10000

    8.9100

        8412

       10000

       10000

    8.9200

        8396

       10000

       10000

    8.9300

        8322

       10000

       10000

    8.9400

        8386

       10000

       10000

    8.9500

        8379

       10000

       10000

    8.9600

        8407

       10000

       10000

    8.9700

        8343

       10000

       10000

    8.9800

        8384

       10000

       10000

    8.9900

        8364

       10000

       10000

     9

        8379

       10000

       10000

    9.0100

        8334

       10000

       10000

    9.0200

        8364

       10000

       10000

    9.0300

        8346

       10000

       10000

    9.0400

        8349

       10000

       10000

    9.0500

        8365

       10000

       10000

    9.0600

        8369

       10000

       10000

    9.0700

        8382

       10000

       10000

    9.0800

        8358

       10000

       10000

    9.0900

        8392

       10000

       10000

    9.1000

        8396

       10000

       10000

    9.1100

        8341

       10000

       10000

    9.1200

        8342

       10000

       10000

    9.1300

        8344

       10000

       10000

    9.1400

        8391

       10000

       10000

    9.1500

        8395

       10000

       10000

    9.1600

        8399

       10000

       10000

    9.1700

        8308

       10000

       10000

    9.1800

        8365

       10000

       10000

    9.1900

        8410

       10000

       10000

    9.2000

        8384

       10000

       10000

    9.2100

        8391

       10000

       10000

    9.2200

        8303

       10000

       10000

    9.2300

        8335

       10000

       10000

    9.2400

        8346

       10000

       10000

    9.2500

        8312

       10000

       10000

    9.2600

        8334

       10000

       10000

    9.2700

        8339

       10000

       10000

    9.2800

        8395

       10000

       10000

    9.2900

        8287

       10000

       10000

    9.3000

        8426

       10000

       10000

    9.3100

        8306

       10000

       10000

    9.3200

        8366

       10000

       10000

    9.3300

        8364

       10000

       10000

    9.3400

        8272

       10000

       10000

    9.3500

        8375

       10000

       10000

    9.3600

        8423

       10000

       10000

    9.3700

        8322

       10000

       10000

    9.3800

        8363

       10000

       10000

    9.3900

        8360

       10000

       10000

    9.4000

        8314

       10000

       10000

    9.4100

        8378

       10000

       10000

    9.4200

        8388

       10000

       10000

    9.4300

        8371

       10000

       10000

    9.4400

        8363

       10000

       10000

    9.4500

        8326

       10000

       10000

    9.4600

        8377

       10000

       10000

    9.4700

        8352

       10000

       10000

    9.4800

        8355

       10000

       10000

    9.4900

        8306

       10000

       10000

    9.5000

        8412

       10000

       10000

    9.5100

        8383

       10000

       10000

    9.5200

        8318

       10000

       10000

    9.5300

        8323

       10000

       10000

    9.5400

        8378

       10000

       10000

    9.5500

        8281

       10000

       10000

    9.5600

        8357

       10000

       10000

    9.5700

        8350

       10000

       10000

    9.5800

        8370

       10000

       10000

    9.5900

        8319

       10000

       10000

    9.6000

        8386

       10000

       10000

    9.6100

        8291

       10000

       10000

    9.6200

        8367

       10000

       10000

    9.6300

        8363

       10000

       10000

    9.6400

        8339

       10000

       10000

    9.6500

        8323

       10000

       10000

    9.6600

        8391

       10000

       10000

    9.6700

        8331

       10000

       10000

    9.6800

        8328

       10000

       10000

    9.6900

        8348

       10000

       10000

    9.7000

        8353

       10000

       10000

    9.7100

        8406

       10000

       10000

    9.7200

        8363

       10000

       10000

    9.7300

        8298

       10000

       10000

    9.7400

        8374

       10000

       10000

    9.7500

        8343

       10000

       10000

    9.7600

        8314

       10000

       10000

    9.7700

        8317

       10000

       10000

    9.7800

        8352

       10000

       10000

    9.7900

        8309

       10000

       10000

    9.8000

        8383

       10000

       10000

    9.8100

        8398

       10000

       10000

    9.8200

        8398

       10000

       10000

    9.8300

        8304

       10000

       10000

    9.8400

        8383

       10000

       10000

    9.8500

        8338

       10000

       10000

    9.8600

        8408

       10000

       10000

    9.8700

        8341

       10000

       10000

    9.8800

        8417

       10000

       10000

    9.8900

        8362

       10000

       10000

    9.9000

        8401

       10000

       10000

    9.9100

        8359

       10000

       10000

    9.9200

        8354

       10000

       10000

    9.9300

        8315

       10000

       10000

    9.9400

        8363

       10000

       10000

    9.9500

        8332

       10000

       10000

    9.9600

        8310

       10000

       10000

    9.9700

        8345

       10000

       10000

    9.9800

        8357

       10000

       10000

    9.9900

        8323

       10000

       10000

    10

        8384

       10000

       10000

