     0

        1000

   702

   808

    0.0500

   406

   695

   814

    0.1000

   480

   701

   808

    0.1500

   465

   700

   823

    0.2000

   516

   701

   817

    0.2500

   505

   688

   810

    0.3000

   491

   700

   808

    0.3500

   518

   698

   820

    0.4000

   518

   722

   820

    0.4500

   537

   685

   838

    0.5000

   555

   693

   824

    0.5500

   549

   663

   828

    0.6000

   548

   723

   835

    0.6500

   527

   697

   846

    0.7000

   567

   719

   855

    0.7500

   549

   724

   839

    0.8000

   564

   715

   847

    0.8500

   573

   723

   843

    0.9000

   575

   716

   863

    0.9500

   573

   725

   859

     1

   560

   750

   862

    1.0500

   598

   732

   869

    1.1000

   597

   744

   841

    1.1500

   588

   738

   849

    1.2000

   596

   733

   852

    1.2500

   605

   755

   864

    1.3000

   602

   729

   875

    1.3500

   607

   727

   859

    1.4000

   602

   736

   878

    1.4500

   605

   752

   854

    1.5000

   631

   760

   876

    1.5500

   619

   747

   877

    1.6000

   609

   768

   875

    1.6500

   645

   758

   865

    1.7000

   624

   744

   889

    1.7500

   627

   754

   907

    1.8000

   640

   776

   877

    1.8500

   619

   754

   881

    1.9000

   652

   777

   912

    1.9500

   636

   766

   883

     2

   611

   788

   884

    2.0500

   652

   794

   897

    2.1000

   606

   800

   902

    2.1500

   640

   785

   897

    2.2000

   644

   780

   902

    2.2500

   638

   780

   875

    2.3000

   651

   785

   906

    2.3500

   645

   787

   915

    2.4000

   649

   787

   910

    2.4500

   655

   796

   919

    2.5000

   667

   787

   917

    2.5500

   646

   808

   927

    2.6000

   616

   816

   909

    2.6500

   650

   814

   913

    2.7000

   655

   814

   922

    2.7500

   661

   816

   906

    2.8000

   672

   835

   931

    2.8500

   641

   822

   910

    2.9000

   661

   812

   911

    2.9500

   673

   835

   924

     3

   667

   816

   904

    3.0500

   681

   845

   936

    3.1000

   672

   844

   937

    3.1500

   656

   863

   931

    3.2000

   680

   823

   925

    3.2500

   653

   839

   924

    3.3000

   669

   808

   927

    3.3500

   677

   833

   932

    3.4000

   655

   840

   932

    3.4500

   669

   851

   945

    3.5000

   676

   870

   945

    3.5500

   687

   856

   938

    3.6000

   712

   847

   950

    3.6500

   685

   868

   951

    3.7000

   698

   852

   945

    3.7500

   647

   853

   928

    3.8000

   694

   839

   937

    3.8500

   671

   861

   952

    3.9000

   681

   864

   943

    3.9500

   690

   855

   938

     4

   694

   853

   955

    4.0500

   720

   852

   935

    4.1000

   686

   869

   940

    4.1500

   688

   883

   949

    4.2000

   717

   853

   953

    4.2500

   712

   874

   959

    4.3000

   710

   885

   960

    4.3500

   691

   881

   963

    4.4000

   722

   886

   955

    4.4500

   706

   885

   955

    4.5000

   694

   881

   953

    4.5500

   705

   878

   958

    4.6000

   681

   893

   958

    4.6500

   708

   889

   947

    4.7000

   703

   882

   953

    4.7500

   685

   877

   953

    4.8000

   705

   877

   968

    4.8500

   690

   905

   960

    4.9000

   707

   905

   971

    4.9500

   694

   902

   965

     5

   716

   896

   975

