     0

   757

   375

   425

    0.0100

   340

   371

   402

    0.0200

   343

   348

   396

    0.0300

   337

   394

   437

    0.0400

   343

   376

   393

    0.0500

   344

   378

   434

    0.0600

   329

   359

   387

    0.0700

   331

   366

   387

    0.0800

   306

   392

   430

    0.0900

   363

   352

   414

    0.1000

   357

   327

   396

    0.1100

   340

   392

   421

    0.1200

   352

   386

   391

    0.1300

   327

   344

   409

    0.1400

   328

   357

   416

    0.1500

   318

   350

   391

    0.1600

   350

   350

   398

    0.1700

   338

   362

   400

    0.1800

   344

   345

   408

    0.1900

   332

   317

   384

    0.2000

   344

   369

   388

    0.2100

   354

   362

   408

    0.2200

   340

   355

   390

    0.2300

   344

   376

   420

    0.2400

   331

   364

   386

    0.2500

   335

   380

   387

    0.2600

   339

   377

   408

    0.2700

   351

   328

   393

    0.2800

   324

   356

   414

    0.2900

   358

   366

   403

    0.3000

   324

   372

   408

    0.3100

   323

   353

   408

    0.3200

   336

   364

   402

    0.3300

   351

   367

   389

    0.3400

   345

   375

   414

    0.3500

   332

   322

   397

    0.3600

   340

   367

   371

    0.3700

   335

   385

   417

    0.3800

   335

   346

   388

    0.3900

   319

   354

   401

    0.4000

   346

   350

   407

    0.4100

   341

   374

   428

    0.4200

   323

   389

   433

    0.4300

   313

   352

   401

    0.4400

   362

   398

   400

    0.4500

   365

   341

   378

    0.4600

   322

   377

   414

    0.4700

   310

   366

   399

    0.4800

   345

   387

   430

    0.4900

   329

   391

   415

    0.5000

   326

   375

   414

    0.5100

   352

   342

   425

    0.5200

   318

   360

   434

    0.5300

   319

   357

   395

    0.5400

   342

   361

   409

    0.5500

   334

   352

   419

    0.5600

   345

   350

   407

    0.5700

   317

   368

   388

    0.5800

   334

   339

   390

    0.5900

   336

   360

   412

    0.6000

   329

   355

   416

    0.6100

   345

   359

   393

    0.6200

   338

   344

   408

    0.6300

   361

   378

   421

    0.6400

   333

   366

   415

    0.6500

   301

   358

   397

    0.6600

   364

   354

   431

    0.6700

   324

   358

   423

    0.6800

   339

   374

   401

    0.6900

   337

   367

   402

    0.7000

   332

   351

   391

    0.7100

   342

   369

   434

    0.7200

   348

   362

   419

    0.7300

   354

   339

   390

    0.7400

   342

   355

   389

    0.7500

   374

   333

   415

    0.7600

   339

   361

   398

    0.7700

   329

   364

   401

    0.7800

   344

   352

   402

    0.7900

   363

   369

   410

    0.8000

   345

   373

   388

    0.8100

   328

   333

   428

    0.8200

   355

   363

   404

    0.8300

   354

   361

   401

    0.8400

   369

   377

   411

    0.8500

   330

   364

   425

    0.8600

   350

   359

   404

    0.8700

   336

   345

   406

    0.8800

   323

   364

   370

    0.8900

   362

   365

   425

    0.9000

   333

   355

   403

    0.9100

   365

   352

   393

    0.9200

   321

   345

   395

    0.9300

   331

   394

   403

    0.9400

   333

   374

   402

    0.9500

   353

   374

   392

    0.9600

   320

   360

   411

    0.9700

   346

   378

   410

    0.9800

   342

   351

   407

    0.9900

   387

   335

   412

     1

   348

   349

   409

