     0

        1000

   926

   975

    0.0500

   514

   921

   979

    0.1000

   582

   903

   973

    0.1500

   592

   911

   980

    0.2000

   596

   915

   978

    0.2500

   628

   920

   975

    0.3000

   624

   918

   982

    0.3500

   676

   908

   980

    0.4000

   686

   903

   982

    0.4500

   714

   931

   988

    0.5000

   701

   919

   975

    0.5500

   718

   916

   987

    0.6000

   736

   926

   980

    0.6500

   751

   928

   987

    0.7000

   754

   926

   989

    0.7500

   775

   928

   988

    0.8000

   765

   940

   989

    0.8500

   763

   943

   992

    0.9000

   787

   943

   990

    0.9500

   782

   946

   994

     1

   765

   949

   989

    1.0500

   777

   942

   988

    1.1000

   791

   943

   989

    1.1500

   777

   942

   989

    1.2000

   799

   945

   992

    1.2500

   811

   968

   992

    1.3000

   791

   948

   993

    1.3500

   808

   940

   993

    1.4000

   817

   954

   992

    1.4500

   841

   943

   996

    1.5000

   811

   956

   988

    1.5500

   839

   955

   992

    1.6000

   837

   951

   994

    1.6500

   831

   956

   995

    1.7000

   842

   963

   995

    1.7500

   843

   960

   997

    1.8000

   809

   966

   998

    1.8500

   829

   974

   996

    1.9000

   848

   967

   999

    1.9500

   835

   971

        1000

     2

   865

   974

   992

    2.0500

   845

   970

   996

    2.1000

   859

   972

   998

    2.1500

   851

   962

   998

    2.2000

   859

   967

   999

    2.2500

   858

   966

   998

    2.3000

   852

   968

   998

    2.3500

   872

   971

        1000

    2.4000

   858

   979

   998

    2.4500

   834

   978

   997

    2.5000

   857

   972

   998

    2.5500

   888

   987

   998

    2.6000

   869

   985

   999

    2.6500

   857

   984

   999

    2.7000

   878

   979

   999

    2.7500

   853

   980

   999

    2.8000

   884

   985

   999

    2.8500

   870

   980

   999

    2.9000

   852

   984

   998

    2.9500

   885

   981

        1000

     3

   883

   988

        1000

    3.0500

   881

   986

   999

    3.1000

   886

   986

   999

    3.1500

   881

   990

   998

    3.2000

   883

   985

        1000

    3.2500

   900

   985

   999

    3.3000

   887

   992

        1000

    3.3500

   866

   988

   999

    3.4000

   893

   992

   998

    3.4500

   893

   981

   998

    3.5000

   885

   988

   998

    3.5500

   883

   992

   999

    3.6000

   911

   993

   999

    3.6500

   903

   987

        1000

    3.7000

   894

   985

        1000

    3.7500

   893

   986

        1000

    3.8000

   906

   990

   999

    3.8500

   901

   991

        1000

    3.9000

   894

   994

        1000

    3.9500

   887

   990

        1000

     4

   911

   992

        1000

    4.0500

   904

   991

        1000

    4.1000

   902

   995

   999

    4.1500

   912

   997

        1000

    4.2000

   904

   993

        1000

    4.2500

   901

   992

        1000

    4.3000

   902

   996

        1000

    4.3500

   906

   996

   999

    4.4000

   902

   997

        1000

    4.4500

   914

   991

   998

    4.5000

   916

   995

        1000

    4.5500

   900

   997

        1000

    4.6000

   915

   995

        1000

    4.6500

   909

   997

        1000

    4.7000

   920

   997

        1000

    4.7500

   925

   997

   999

    4.8000

   913

   996

        1000

    4.8500

   900

   996

        1000

    4.9000

   901

   995

        1000

    4.9500

   927

   996

        1000

     5

   919

   997

        1000

