     0

       10000

        7432

        8210

    0.5000

        9934

        7809

        8434

     1

        9484

        8199

        8603

    1.5000

        8697

        8424

        8740

     2

        7962

        8686

        8911

    2.5000

        7565

        8890

        9024

     3

        7131

        8980

        9074

    3.5000

        6850

        9110

        9177

     4

        6763

        9249

        9248

    4.5000

        6648

        9400

        9344

     5

        6551

        9469

        9362

    5.5000

        6445

        9532

        9430

     6

        6406

        9610

        9470

    6.5000

        6396

        9654

        9522

     7

        6310

        9657

        9540

    7.5000

        6327

        9733

        9644

     8

        6305

        9770

        9629

    8.5000

        6440

        9798

        9670

     9

        6348

        9814

        9691

    9.5000

        6359

        9823

        9700

    10

        6478

        9848

        9725

   10.5000

        6312

        9881

        9776

    11

        6334

        9881

        9768

   11.5000

        6485

        9913

        9765

    12

        6381

        9901

        9812

   12.5000

        6424

        9924

        9833

    13

        6503

        9935

        9845

   13.5000

        6500

        9938

        9839

    14

        6570

        9948

        9849

   14.5000

        6594

        9960

        9883

    15

        6619

        9965

        9877

   15.5000

        6524

        9963

        9893

    16

        6525

        9973

        9894

   16.5000

        6587

        9972

        9905

    17

        6635

        9977

        9904

   17.5000

        6648

        9976

        9920

    18

        6612

        9983

        9922

   18.5000

        6664

        9980

        9929

    19

        6816

        9987

        9939

   19.5000

        6696

        9991

        9933

    20

        6801

        9987

        9942

