     0

   344

   343

   336

    0.0100

   361

   367

   424

    0.0200

   405

   410

   475

    0.0300

   437

   466

   541

    0.0400

   428

   523

   621

    0.0500

   459

   585

   670

    0.0600

   543

   612

   740

    0.0700

   550

   692

   776

    0.0800

   600

   731

   827

    0.0900

   609

   737

   855

    0.1000

   646

   765

   898

    0.1100

   638

   810

   903

    0.1200

   693

   829

   940

    0.1300

   712

   876

   967

    0.1400

   719

   880

   971

    0.1500

   763

   908

   980

    0.1600

   760

   930

   984

    0.1700

   771

   938

   987

    0.1800

   804

   957

   990

    0.1900

   847

   961

   994

    0.2000

   861

   976

   998

    0.2100

   869

   978

   998

    0.2200

   847

   979

   999

    0.2300

   900

   990

        1000

    0.2400

   909

   989

        1000

    0.2500

   925

   989

   999

    0.2600

   918

   996

        1000

    0.2700

   919

   995

        1000

    0.2800

   929

   997

        1000

    0.2900

   952

   995

        1000

    0.3000

   944

   997

        1000

    0.3100

   968

   999

        1000

    0.3200

   966

   998

        1000

    0.3300

   958

        1000

        1000

    0.3400

   967

        1000

        1000

    0.3500

   973

        1000

        1000

    0.3600

   976

        1000

        1000

    0.3700

   983

   999

        1000

    0.3800

   983

        1000

        1000

    0.3900

   987

        1000

        1000

    0.4000

   992

        1000

        1000

    0.4100

   994

        1000

        1000

    0.4200

   988

        1000

        1000

    0.4300

   995

        1000

        1000

    0.4400

   995

        1000

        1000

    0.4500

   997

        1000

        1000

    0.4600

   999

        1000

        1000

    0.4700

   996

        1000

        1000

    0.4800

   999

        1000

        1000

    0.4900

   999

        1000

        1000

    0.5000

        1000

        1000

        1000

    0.5100

   997

        1000

        1000

    0.5200

   999

        1000

        1000

    0.5300

   998

        1000

        1000

    0.5400

   999

        1000

        1000

    0.5500

        1000

        1000

        1000

    0.5600

        1000

        1000

        1000

    0.5700

        1000

        1000

        1000

    0.5800

        1000

        1000

        1000

    0.5900

        1000

        1000

        1000

    0.6000

   999

        1000

        1000

    0.6100

   999

        1000

        1000

    0.6200

        1000

        1000

        1000

    0.6300

        1000

        1000

        1000

    0.6400

        1000

        1000

        1000

    0.6500

        1000

        1000

        1000

    0.6600

        1000

        1000

        1000

    0.6700

        1000

        1000

        1000

    0.6800

        1000

        1000

        1000

    0.6900

        1000

        1000

        1000

    0.7000

        1000

        1000

        1000

    0.7100

        1000

        1000

        1000

    0.7200

        1000

        1000

        1000

    0.7300

        1000

        1000

        1000

    0.7400

        1000

        1000

        1000

    0.7500

        1000

        1000

        1000

    0.7600

        1000

        1000

        1000

    0.7700

        1000

        1000

        1000

    0.7800

        1000

        1000

        1000

    0.7900

        1000

        1000

        1000

    0.8000

        1000

        1000

        1000

    0.8100

        1000

        1000

        1000

    0.8200

        1000

        1000

        1000

    0.8300

        1000

        1000

        1000

    0.8400

        1000

        1000

        1000

    0.8500

        1000

        1000

        1000

    0.8600

        1000

        1000

        1000

    0.8700

        1000

        1000

        1000

    0.8800

        1000

        1000

        1000

    0.8900

        1000

        1000

        1000

    0.9000

        1000

        1000

        1000

    0.9100

        1000

        1000

        1000

    0.9200

        1000

        1000

        1000

    0.9300

        1000

        1000

        1000

    0.9400

        1000

        1000

        1000

    0.9500

        1000

        1000

        1000

    0.9600

        1000

        1000

        1000

    0.9700

        1000

        1000

        1000

    0.9800

        1000

        1000

        1000

    0.9900

        1000

        1000

        1000

     1

        1000

        1000

        1000

