     0

       33391

       33235

       35422

    0.0100

       75365

       36761

       40637

    0.0200

       90816

       40767

       46209

    0.0300

       96691

       44295

       51285

    0.0400

       98783

       47942

       56260

    0.0500

       99540

       51365

       60894

    0.0600

       99826

       55378

       65765

    0.0700

       99955

       58607

       70072

    0.0800

       99982

       62344

       74108

    0.0900

       99987

       65754

       77959

    0.1000

       99997

       68810

       80828

    0.1100

       99999

       71933

       84122

    0.1200

      100000

       75106

       86617

    0.1300

      100000

       77898

       88942

    0.1400

      100000

       80198

       90870

    0.1500

      100000

       82763

       92449

    0.1600

      100000

       84717

       93908

    0.1700

      100000

       86841

       95265

    0.1800

      100000

       88591

       96122

    0.1900

      100000

       90140

       96887

    0.2000

      100000

       91517

       97589

    0.2100

      100000

       92786

       98154

    0.2200

      100000

       93995

       98508

    0.2300

      100000

       94883

       98790

    0.2400

      100000

       95735

       99073

    0.2500

      100000

       96433

       99325

    0.2600

      100000

       96989

       99466

    0.2700

      100000

       97492

       99579

    0.2800

      100000

       97971

       99682

    0.2900

      100000

       98336

       99787

    0.3000

      100000

       98593

       99843

    0.3100

      100000

       98931

       99877

    0.3200

      100000

       99091

       99907

    0.3300

      100000

       99319

       99934

    0.3400

      100000

       99433

       99951

    0.3500

      100000

       99546

       99951

    0.3600

      100000

       99686

       99978

    0.3700

      100000

       99733

       99981

    0.3800

      100000

       99803

       99992

    0.3900

      100000

       99838

       99989

    0.4000

      100000

       99865

       99993

    0.4100

      100000

       99909

       99997

    0.4200

      100000

       99912

       99994

    0.4300

      100000

       99940

       99996

    0.4400

      100000

       99966

       99994

    0.4500

      100000

       99968

       99999

    0.4600

      100000

       99972

      100000

    0.4700

      100000

       99978

      100000

    0.4800

      100000

       99983

      100000

    0.4900

      100000

       99988

       99999

    0.5000

      100000

       99992

      100000

    0.5100

      100000

       99993

      100000

    0.5200

      100000

       99998

      100000

    0.5300

      100000

       99997

      100000

    0.5400

      100000

       99997

       99999

    0.5500

      100000

       99999

      100000

    0.5600

      100000

       99999

      100000

    0.5700

      100000

       99999

      100000

    0.5800

      100000

      100000

      100000

    0.5900

      100000

       99999

      100000

    0.6000

      100000

       99999

      100000

    0.6100

      100000

      100000

      100000

    0.6200

      100000

      100000

      100000

    0.6300

      100000

      100000

      100000

    0.6400

      100000

       99999

      100000

    0.6500

      100000

      100000

      100000

    0.6600

      100000

      100000

      100000

    0.6700

      100000

      100000

      100000

    0.6800

      100000

      100000

      100000

    0.6900

      100000

      100000

      100000

    0.7000

      100000

      100000

      100000

    0.7100

      100000

      100000

      100000

    0.7200

      100000

      100000

      100000

    0.7300

      100000

      100000

      100000

    0.7400

      100000

      100000

      100000

    0.7500

      100000

      100000

      100000

    0.7600

      100000

      100000

      100000

    0.7700

      100000

      100000

      100000

    0.7800

      100000

      100000

      100000

    0.7900

      100000

      100000

      100000

    0.8000

      100000

      100000

      100000

    0.8100

      100000

      100000

      100000

    0.8200

      100000

      100000

      100000

    0.8300

      100000

      100000

      100000

    0.8400

      100000

      100000

      100000

    0.8500

      100000

      100000

      100000

    0.8600

      100000

      100000

      100000

    0.8700

      100000

      100000

      100000

    0.8800

      100000

      100000

      100000

    0.8900

      100000

      100000

      100000

    0.9000

      100000

      100000

      100000

    0.9100

      100000

      100000

      100000

    0.9200

      100000

      100000

      100000

    0.9300

      100000

      100000

      100000

    0.9400

      100000

      100000

      100000

    0.9500

      100000

      100000

      100000

    0.9600

      100000

      100000

      100000

    0.9700

      100000

      100000

      100000

    0.9800

      100000

      100000

      100000

    0.9900

      100000

      100000

      100000

     1

      100000

      100000

      100000

    1.0100

      100000

      100000

      100000

    1.0200

      100000

      100000

      100000

    1.0300

      100000

      100000

      100000

    1.0400

      100000

      100000

      100000

    1.0500

      100000

      100000

      100000

    1.0600

      100000

      100000

      100000

    1.0700

      100000

      100000

      100000

    1.0800

      100000

      100000

      100000

    1.0900

      100000

      100000

      100000

    1.1000

      100000

      100000

      100000

    1.1100

      100000

      100000

      100000

    1.1200

      100000

      100000

      100000

    1.1300

      100000

      100000

      100000

    1.1400

      100000

      100000

      100000

    1.1500

      100000

      100000

      100000

    1.1600

      100000

      100000

      100000

    1.1700

      100000

      100000

      100000

    1.1800

      100000

      100000

      100000

    1.1900

      100000

      100000

      100000

    1.2000

      100000

      100000

      100000

    1.2100

      100000

      100000

      100000

    1.2200

      100000

      100000

      100000

    1.2300

      100000

      100000

      100000

    1.2400

      100000

      100000

      100000

    1.2500

      100000

      100000

      100000

    1.2600

      100000

      100000

      100000

    1.2700

      100000

      100000

      100000

    1.2800

      100000

      100000

      100000

    1.2900

      100000

      100000

      100000

    1.3000

      100000

      100000

      100000

    1.3100

      100000

      100000

      100000

    1.3200

      100000

      100000

      100000

    1.3300

      100000

      100000

      100000

    1.3400

      100000

      100000

      100000

    1.3500

      100000

      100000

      100000

    1.3600

      100000

      100000

      100000

    1.3700

      100000

      100000

      100000

    1.3800

      100000

      100000

      100000

    1.3900

      100000

      100000

      100000

    1.4000

      100000

      100000

      100000

    1.4100

      100000

      100000

      100000

    1.4200

      100000

      100000

      100000

    1.4300

      100000

      100000

      100000

    1.4400

      100000

      100000

      100000

    1.4500

      100000

      100000

      100000

    1.4600

      100000

      100000

      100000

    1.4700

      100000

      100000

      100000

    1.4800

      100000

      100000

      100000

    1.4900

      100000

      100000

      100000

    1.5000

      100000

      100000

      100000

    1.5100

      100000

      100000

      100000

    1.5200

      100000

      100000

      100000

    1.5300

      100000

      100000

      100000

    1.5400

      100000

      100000

      100000

    1.5500

      100000

      100000

      100000

    1.5600

      100000

      100000

      100000

    1.5700

      100000

      100000

      100000

    1.5800

      100000

      100000

      100000

    1.5900

      100000

      100000

      100000

    1.6000

      100000

      100000

      100000

    1.6100

      100000

      100000

      100000

    1.6200

      100000

      100000

      100000

    1.6300

      100000

      100000

      100000

    1.6400

      100000

      100000

      100000

    1.6500

      100000

      100000

      100000

    1.6600

      100000

      100000

      100000

    1.6700

      100000

      100000

      100000

    1.6800

      100000

      100000

      100000

    1.6900

      100000

      100000

      100000

    1.7000

      100000

      100000

      100000

    1.7100

      100000

      100000

      100000

    1.7200

      100000

      100000

      100000

    1.7300

      100000

      100000

      100000

    1.7400

      100000

      100000

      100000

    1.7500

      100000

      100000

      100000

    1.7600

      100000

      100000

      100000

    1.7700

      100000

      100000

      100000

    1.7800

      100000

      100000

      100000

    1.7900

      100000

      100000

      100000

    1.8000

      100000

      100000

      100000

    1.8100

      100000

      100000

      100000

    1.8200

      100000

      100000

      100000

    1.8300

      100000

      100000

      100000

    1.8400

      100000

      100000

      100000

    1.8500

      100000

      100000

      100000

    1.8600

      100000

      100000

      100000

    1.8700

      100000

      100000

      100000

    1.8800

      100000

      100000

      100000

    1.8900

      100000

      100000

      100000

    1.9000

      100000

      100000

      100000

    1.9100

      100000

      100000

      100000

    1.9200

      100000

      100000

      100000

    1.9300

      100000

      100000

      100000

    1.9400

      100000

      100000

      100000

    1.9500

      100000

      100000

      100000

    1.9600

      100000

      100000

      100000

    1.9700

      100000

      100000

      100000

    1.9800

      100000

      100000

      100000

    1.9900

      100000

      100000

      100000

     2

      100000

      100000

      100000

    2.0100

      100000

      100000

      100000

    2.0200

      100000

      100000

      100000

    2.0300

      100000

      100000

      100000

    2.0400

      100000

      100000

      100000

    2.0500

      100000

      100000

      100000

    2.0600

      100000

      100000

      100000

    2.0700

      100000

      100000

      100000

    2.0800

      100000

      100000

      100000

    2.0900

      100000

      100000

      100000

    2.1000

      100000

      100000

      100000

    2.1100

      100000

      100000

      100000

    2.1200

      100000

      100000

      100000

    2.1300

      100000

      100000

      100000

    2.1400

      100000

      100000

      100000

    2.1500

      100000

      100000

      100000

    2.1600

      100000

      100000

      100000

    2.1700

      100000

      100000

      100000

    2.1800

      100000

      100000

      100000

    2.1900

      100000

      100000

      100000

    2.2000

      100000

      100000

      100000

    2.2100

      100000

      100000

      100000

    2.2200

      100000

      100000

      100000

    2.2300

      100000

      100000

      100000

    2.2400

      100000

      100000

      100000

    2.2500

      100000

      100000

      100000

    2.2600

      100000

      100000

      100000

    2.2700

      100000

      100000

      100000

    2.2800

      100000

      100000

      100000

    2.2900

      100000

      100000

      100000

    2.3000

      100000

      100000

      100000

    2.3100

      100000

      100000

      100000

    2.3200

      100000

      100000

      100000

    2.3300

      100000

      100000

      100000

    2.3400

      100000

      100000

      100000

    2.3500

      100000

      100000

      100000

    2.3600

      100000

      100000

      100000

    2.3700

      100000

      100000

      100000

    2.3800

      100000

      100000

      100000

    2.3900

      100000

      100000

      100000

    2.4000

      100000

      100000

      100000

    2.4100

      100000

      100000

      100000

    2.4200

      100000

      100000

      100000

    2.4300

      100000

      100000

      100000

    2.4400

      100000

      100000

      100000

    2.4500

      100000

      100000

      100000

    2.4600

      100000

      100000

      100000

    2.4700

      100000

      100000

      100000

    2.4800

      100000

      100000

      100000

    2.4900

      100000

      100000

      100000

    2.5000

      100000

      100000

      100000

    2.5100

      100000

      100000

      100000

    2.5200

      100000

      100000

      100000

    2.5300

      100000

      100000

      100000

    2.5400

      100000

      100000

      100000

    2.5500

      100000

      100000

      100000

    2.5600

      100000

      100000

      100000

    2.5700

      100000

      100000

      100000

    2.5800

      100000

      100000

      100000

    2.5900

      100000

      100000

      100000

    2.6000

      100000

      100000

      100000

    2.6100

      100000

      100000

      100000

    2.6200

      100000

      100000

      100000

    2.6300

      100000

      100000

      100000

    2.6400

      100000

      100000

      100000

    2.6500

      100000

      100000

      100000

    2.6600

      100000

      100000

      100000

    2.6700

      100000

      100000

      100000

    2.6800

      100000

      100000

      100000

    2.6900

      100000

      100000

      100000

    2.7000

      100000

      100000

      100000

    2.7100

      100000

      100000

      100000

    2.7200

      100000

      100000

      100000

    2.7300

      100000

      100000

      100000

    2.7400

      100000

      100000

      100000

    2.7500

      100000

      100000

      100000

    2.7600

      100000

      100000

      100000

    2.7700

      100000

      100000

      100000

    2.7800

      100000

      100000

      100000

    2.7900

      100000

      100000

      100000

    2.8000

      100000

      100000

      100000

    2.8100

      100000

      100000

      100000

    2.8200

      100000

      100000

      100000

    2.8300

      100000

      100000

      100000

    2.8400

      100000

      100000

      100000

    2.8500

      100000

      100000

      100000

    2.8600

      100000

      100000

      100000

    2.8700

      100000

      100000

      100000

    2.8800

      100000

      100000

      100000

    2.8900

      100000

      100000

      100000

    2.9000

      100000

      100000

      100000

    2.9100

      100000

      100000

      100000

    2.9200

      100000

      100000

      100000

    2.9300

      100000

      100000

      100000

    2.9400

      100000

      100000

      100000

    2.9500

