     0

   757

   375

   425

    0.0500

   326

   378

   409

    0.1000

   349

   362

   397

    0.1500

   328

   370

   460

    0.2000

   332

   359

   430

    0.2500

   343

   379

   415

    0.3000

   354

   373

   409

    0.3500

   365

   349

   414

    0.4000

   367

   355

   398

    0.4500

   348

   384

   432

    0.5000

   355

   378

   388

    0.5500

   351

   366

   394

    0.6000

   371

   366

   436

    0.6500

   378

   357

   390

    0.7000

   345

   367

   409

    0.7500

   357

   368

   430

    0.8000

   348

   374

   418

    0.8500

   377

   393

   438

    0.9000

   358

   396

   412

    0.9500

   375

   391

   420

     1

   357

   365

   404

    1.0500

   351

   355

   397

    1.1000

   365

   379

   400

    1.1500

   351

   357

   421

    1.2000

   347

   365

   402

    1.2500

   369

   376

   406

    1.3000

   369

   389

   408

    1.3500

   364

   376

   411

    1.4000

   375

   401

   416

    1.4500

   397

   342

   419

    1.5000

   356

   411

   443

    1.5500

   366

   384

   417

    1.6000

   359

   362

   405

    1.6500

   332

   375

   398

    1.7000

   343

   366

   407

    1.7500

   353

   356

   397

    1.8000

   367

   354

   407

    1.8500

   357

   386

   438

    1.9000

   370

   361

   399

    1.9500

   353

   371

   416

     2

   372

   380

   425

    2.0500

   356

   369

   401

    2.1000

   380

   388

   437

    2.1500

   391

   394

   434

    2.2000

   384

   406

   425

    2.2500

   368

   363

   405

    2.3000

   334

   378

   400

    2.3500

   365

   360

   387

    2.4000

   360

   370

   404

    2.4500

   326

   388

   426

    2.5000

   354

   358

   404

    2.5500

   349

   389

   394

    2.6000

   368

   368

   415

    2.6500

   346

   376

   439

    2.7000

   374

   367

   413

    2.7500

   351

   394

   430

    2.8000

   361

   367

   428

    2.8500

   370

   372

   432

    2.9000

   338

   333

   396

    2.9500

   335

   384

   413

     3

   356

   393

   425

    3.0500

   360

   356

   397

    3.1000

   359

   370

   413

    3.1500

   382

   380

   433

    3.2000

   343

   381

   396

    3.2500

   353

   402

   425

    3.3000

   362

   361

   395

    3.3500

   382

   378

   395

    3.4000

   338

   385

   430

    3.4500

   357

   375

   426

    3.5000

   358

   350

   375

    3.5500

   348

   374

   393

    3.6000

   375

   388

   424

    3.6500

   371

   418

   451

    3.7000

   395

   388

   428

    3.7500

   369

   398

   416

    3.8000

   389

   374

   409

    3.8500

   360

   375

   412

    3.9000

   358

   392

   403

    3.9500

   341

   415

   427

     4

   377

   407

   424

    4.0500

   369

   386

   444

    4.1000

   362

   388

   411

    4.1500

   358

   361

   427

    4.2000

   372

   380

   388

    4.2500

   357

   394

   403

    4.3000

   396

   390

   420

    4.3500

   376

   386

   423

    4.4000

   367

   360

   404

    4.4500

   407

   387

   422

    4.5000

   395

   362

   408

    4.5500

   385

   363

   412

    4.6000

   384

   402

   417

    4.6500

   380

   361

   421

    4.7000

   390

   388

   431

    4.7500

   377

   398

   435

    4.8000

   355

   395

   434

    4.8500

   357

   402

   426

    4.9000

   363

   383

   408

    4.9500

   400

   367

   410

     5

   366

   383

   425

