     0

   348

   347

   342

    0.0100

   372

   376

   390

    0.0200

   399

   413

   472

    0.0300

   407

   466

   512

    0.0400

   425

   469

   609

    0.0500

   481

   539

   630

    0.0600

   494

   587

   692

    0.0700

   520

   623

   740

    0.0800

   560

   656

   797

    0.0900

   568

   668

   812

    0.1000

   580

   725

   870

    0.1100

   595

   763

   866

    0.1200

   644

   787

   888

    0.1300

   668

   806

   915

    0.1400

   674

   803

   922

    0.1500

   676

   845

   956

    0.1600

   709

   870

   963

    0.1700

   738

   897

   977

    0.1800

   726

   911

   981

    0.1900

   771

   926

   984

    0.2000

   782

   950

   985

    0.2100

   802

   947

   993

    0.2200

   851

   959

   993

    0.2300

   833

   972

   996

    0.2400

   825

   967

   998

    0.2500

   854

   981

   998

    0.2600

   852

   988

   999

    0.2700

   873

   982

   999

    0.2800

   899

   987

   999

    0.2900

   905

   993

        1000

    0.3000

   906

   988

   999

    0.3100

   927

   995

        1000

    0.3200

   918

   997

        1000

    0.3300

   939

   998

        1000

    0.3400

   928

   999

        1000

    0.3500

   909

   998

        1000

    0.3600

   953

   999

        1000

    0.3700

   955

   998

        1000

    0.3800

   961

   999

        1000

    0.3900

   969

   999

        1000

    0.4000

   970

   998

        1000

    0.4100

   967

   999

        1000

    0.4200

   959

        1000

        1000

    0.4300

   973

   999

        1000

    0.4400

   978

        1000

        1000

    0.4500

   973

        1000

        1000

    0.4600

   976

        1000

        1000

    0.4700

   987

        1000

        1000

    0.4800

   989

        1000

        1000

    0.4900

   992

        1000

        1000

    0.5000

   980

        1000

        1000

    0.5100

   988

        1000

        1000

    0.5200

   989

        1000

        1000

    0.5300

   991

        1000

        1000

    0.5400

   984

        1000

        1000

    0.5500

   994

        1000

        1000

    0.5600

   995

        1000

        1000

    0.5700

   993

        1000

        1000

    0.5800

   993

        1000

        1000

    0.5900

        1000

        1000

        1000

    0.6000

   998

        1000

        1000

    0.6100

   993

        1000

        1000

    0.6200

   997

        1000

        1000

    0.6300

   992

        1000

        1000

    0.6400

   998

        1000

        1000

    0.6500

   994

        1000

        1000

    0.6600

        1000

        1000

        1000

    0.6700

   999

        1000

        1000

    0.6800

   999

        1000

        1000

    0.6900

   999

        1000

        1000

    0.7000

        1000

        1000

        1000

    0.7100

        1000

        1000

        1000

    0.7200

   998

        1000

        1000

    0.7300

   999

        1000

        1000

    0.7400

   999

        1000

        1000

    0.7500

        1000

        1000

        1000

    0.7600

        1000

        1000

        1000

    0.7700

        1000

        1000

        1000

    0.7800

        1000

        1000

        1000

    0.7900

        1000

        1000

        1000

    0.8000

        1000

        1000

        1000

    0.8100

        1000

        1000

        1000

    0.8200

        1000

        1000

        1000

    0.8300

   999

        1000

        1000

    0.8400

   999

        1000

        1000

    0.8500

        1000

        1000

        1000

    0.8600

   999

        1000

        1000

    0.8700

   999

        1000

        1000

    0.8800

        1000

        1000

        1000

    0.8900

        1000

        1000

        1000

    0.9000

        1000

        1000

        1000

    0.9100

        1000

        1000

        1000

    0.9200

        1000

        1000

        1000

    0.9300

        1000

        1000

        1000

    0.9400

        1000

        1000

        1000

    0.9500

        1000

        1000

        1000

    0.9600

        1000

        1000

        1000

    0.9700

        1000

        1000

        1000

    0.9800

        1000

        1000

        1000

    0.9900

        1000

        1000

        1000

     1

   999

        1000

        1000

