     0

    31

    38

    37

    0.0500

   100

    46

    53

    0.1000

   100

    71

    81

    0.1500

   100

    87

    91

    0.2000

   100

    93

    97

    0.2500

   100

    97

   100

    0.3000

   100

    99

   100

    0.3500

   100

   100

   100

    0.4000

   100

   100

   100

    0.4500

   100

   100

   100

    0.5000

   100

   100

   100

    0.5500

   100

   100

   100

    0.6000

   100

   100

   100

    0.6500

   100

   100

   100

    0.7000

   100

   100

   100

    0.7500

   100

   100

   100

    0.8000

   100

   100

   100

    0.8500

   100

   100

   100

    0.9000

   100

   100

   100

    0.9500

   100

   100

   100

     1

   100

   100

   100

    1.0500

   100

   100

   100

    1.1000

   100

   100

   100

    1.1500

   100

   100

   100

    1.2000

   100

   100

   100

    1.2500

   100

   100

   100

    1.3000

   100

   100

   100

    1.3500

   100

   100

   100

    1.4000

   100

   100

   100

    1.4500

   100

   100

   100

    1.5000

   100

   100

   100

    1.5500

   100

   100

   100

    1.6000

   100

   100

   100

    1.6500

   100

   100

   100

    1.7000

   100

   100

   100

    1.7500

   100

   100

   100

    1.8000

   100

   100

   100

    1.8500

   100

   100

   100

    1.9000

   100

   100

   100

    1.9500

   100

   100

   100

     2

   100

   100

   100

