     0

   757

   375

   425

    0.0100

   350

   369

   400

    0.0200

   328

   386

   422

    0.0300

   343

   374

   417

    0.0400

   364

   382

   431

    0.0500

   354

   342

   379

    0.0600

   332

   351

   404

    0.0700

   361

   389

   417

    0.0800

   352

   357

   428

    0.0900

   365

   375

   433

    0.1000

   363

   365

   401

    0.1100

   326

   360

   410

    0.1200

   383

   381

   382

    0.1300

   334

   354

   385

    0.1400

   355

   351

   421

    0.1500

   345

   382

   438

    0.1600

   350

   393

   425

    0.1700

   334

   380

   403

    0.1800

   374

   378

   412

    0.1900

   316

   369

   405

    0.2000

   317

   358

   408

    0.2100

   388

   358

   383

    0.2200

   367

   356

   408

    0.2300

   360

   378

   414

    0.2400

   351

   372

   429

    0.2500

   344

   377

   407

    0.2600

   388

   368

   404

    0.2700

   334

   355

   394

    0.2800

   377

   346

   397

    0.2900

   345

   413

   431

    0.3000

   349

   369

   399

    0.3100

   340

   355

   401

    0.3200

   367

   355

   390

    0.3300

   377

   373

   399

    0.3400

   332

   358

   419

    0.3500

   320

   341

   390

    0.3600

   347

   368

   424

    0.3700

   347

   392

   405

    0.3800

   340

   400

   433

    0.3900

   346

   345

   424

    0.4000

   352

   368

   407

    0.4100

   377

   343

   420

    0.4200

   338

   355

   399

    0.4300

   365

   387

   405

    0.4400

   364

   389

   405

    0.4500

   364

   376

   415

    0.4600

   362

   376

   413

    0.4700

   349

   355

   402

    0.4800

   332

   354

   404

    0.4900

   365

   365

   429

    0.5000

   336

   387

   417

    0.5100

   345

   365

   418

    0.5200

   369

   378

   417

    0.5300

   364

   391

   382

    0.5400

   368

   357

   423

    0.5500

   377

   362

   401

    0.5600

   344

   373

   428

    0.5700

   384

   357

   378

    0.5800

   378

   360

   408

    0.5900

   358

   362

   420

    0.6000

   353

   383

   405

    0.6100

   375

   370

   428

    0.6200

   375

   381

   405

    0.6300

   329

   361

   400

    0.6400

   362

   371

   395

    0.6500

   352

   370

   417

    0.6600

   324

   394

   421

    0.6700

   367

   353

   407

    0.6800

   338

   350

   375

    0.6900

   367

   372

   417

    0.7000

   395

   384

   380

    0.7100

   339

   382

   441

    0.7200

   343

   353

   389

    0.7300

   377

   384

   408

    0.7400

   362

   382

   428

    0.7500

   375

   383

   423

    0.7600

   377

   388

   414

    0.7700

   363

   360

   443

    0.7800

   391

   373

   398

    0.7900

   376

   380

   406

    0.8000

   334

   366

   423

    0.8100

   346

   368

   389

    0.8200

   379

   384

   408

    0.8300

   383

   367

   407

    0.8400

   370

   373

   383

    0.8500

   348

   368

   422

    0.8600

   379

   356

   379

    0.8700

   363

   367

   370

    0.8800

   355

   362

   373

    0.8900

   365

   352

   433

    0.9000

   378

   342

   420

    0.9100

   349

   376

   379

    0.9200

   369

   388

   418

    0.9300

   338

   374

   386

    0.9400

   365

   372

   408

    0.9500

   367

   386

   401

    0.9600

   364

   356

   388

    0.9700

   344

   345

   391

    0.9800

   390

   378

   411

    0.9900

   347

   368

   401

     1

   385

   365

   390

