     0

        3425

        2176

        2931

    0.1000

        6567

        9437

        9425

    0.2000

        8411

        9999

        9996

    0.3000

        9544

       10000

       10000

    0.4000

        9946

       10000

       10000

    0.5000

        9998

       10000

       10000

    0.6000

       10000

       10000

       10000

    0.7000

       10000

       10000

       10000

    0.8000

       10000

       10000

       10000

    0.9000

       10000

       10000

       10000

     1

       10000

       10000

       10000

    1.1000

       10000

       10000

       10000

    1.2000

       10000

       10000

       10000

    1.3000

       10000

       10000

       10000

    1.4000

       10000

       10000

       10000

    1.5000

       10000

       10000

       10000

    1.6000

       10000

       10000

       10000

    1.7000

       10000

       10000

       10000

    1.8000

       10000

       10000

       10000

    1.9000

       10000

       10000

       10000

     2

       10000

       10000

       10000

    2.1000

       10000

       10000

       10000

    2.2000

       10000

       10000

       10000

    2.3000

       10000

       10000

       10000

    2.4000

       10000

       10000

       10000

    2.5000

       10000

       10000

       10000

    2.6000

       10000

       10000

       10000

    2.7000

       10000

       10000

       10000

    2.8000

       10000

       10000

       10000

    2.9000

       10000

       10000

       10000

     3

       10000

       10000

       10000

    3.1000

       10000

       10000

       10000

    3.2000

       10000

       10000

       10000

    3.3000

       10000

       10000

       10000

    3.4000

       10000

       10000

       10000

    3.5000

       10000

       10000

       10000

    3.6000

       10000

       10000

       10000

    3.7000

       10000

       10000

       10000

    3.8000

       10000

       10000

       10000

    3.9000

       10000

       10000

       10000

     4

       10000

       10000

       10000

    4.1000

       10000

       10000

       10000

    4.2000

       10000

       10000

       10000

    4.3000

       10000

       10000

       10000

    4.4000

       10000

       10000

       10000

    4.5000

       10000

       10000

       10000

    4.6000

       10000

       10000

       10000

    4.7000

       10000

       10000

       10000

    4.8000

       10000

       10000

       10000

    4.9000

       10000

       10000

       10000

     5

       10000

       10000

       10000

