     0

        9986

        7565

        8149

    0.1000

        9259

        7389

        8165

    0.2000

        8371

        7519

        8217

    0.3000

        7676

        7407

        8215

    0.4000

        7124

        7281

        8201

    0.5000

        6716

        7247

        8277

    0.6000

        6305

        7149

        8207

    0.7000

        5979

        7108

        8207

    0.8000

        5831

        7069

        8164

    0.9000

        5696

        6964

        8285

     1

        5466

        7009

        8273

    1.1000

        5367

        6901

        8283

    1.2000

        5285

        6873

        8262

    1.3000

        5067

        6803

        8251

    1.4000

        4914

        6830

        8255

    1.5000

        4872

        6788

        8231

    1.6000

        4794

        6729

        8252

    1.7000

        4751

        6793

        8343

    1.8000

        4724

        6718

        8257

    1.9000

        4718

        6608

        8241

     2

        4627

        6718

        8332

    2.1000

        4511

        6646

        8229

    2.2000

        4503

        6664

        8330

    2.3000

        4436

        6626

        8253

    2.4000

        4463

        6506

        8191

    2.5000

        4466

        6509

        8261

    2.6000

        4426

        6451

        8259

    2.7000

        4423

        6513

        8329

    2.8000

        4352

        6385

        8221

    2.9000

        4313

        6377

        8205

     3

        4348

        6421

        8227

    3.1000

        4348

        6428

        8211

    3.2000

        4215

        6386

        8171

    3.3000

        4286

        6448

        8175

    3.4000

        4294

        6377

        8210

    3.5000

        4264

        6385

        8215

    3.6000

        4224

        6383

        8140

    3.7000

        4236

        6369

        8149

    3.8000

        4256

        6363

        8201

    3.9000

        4220

        6297

        8085

     4

        4205

        6353

        8147

    4.1000

        4194

        6247

        8206

    4.2000

        4257

        6224

        8129

    4.3000

        4203

        6300

        8159

    4.4000

        4143

        6322

        8147

    4.5000

        4197

        6348

        8197

    4.6000

        4129

        6352

        8152

    4.7000

        4117

        6276

        8178

    4.8000

        4071

        6309

        8168

    4.9000

        4118

        6328

        8159

     5

        4073

        6302

        8154

    5.1000

        4145

        6277

        8144

    5.2000

        4047

        6228

        8068

    5.3000

        4106

        6218

        8137

    5.4000

        4095

        6200

        8138

    5.5000

        4033

        6248

        8084

    5.6000

        4134

        6237

        8167

    5.7000

        3930

        6213

        8054

    5.8000

        4008

        6199

        8109

    5.9000

        4105

        6223

        8144

     6

        3992

        6204

        8135

    6.1000

        4021

        6230

        8173

    6.2000

        4081

        6207

        8191

    6.3000

        3952

        6262

        8157

    6.4000

        3945

        6214

        8124

    6.5000

        4002

        6194

        8089

    6.6000

        4120

        6278

        8130

    6.7000

        4070

        6130

        8093

    6.8000

        3969

        6190

        8075

    6.9000

        4038

        6177

        8102

     7

        3998

        6136

        8099

    7.1000

        4001

        6147

        8100

    7.2000

        3919

        6156

        8083

    7.3000

        3941

        6227

        8085

    7.4000

        4084

        6085

        8126

    7.5000

        3977

        6096

        8028

    7.6000

        3916

        6171

        8177

    7.7000

        4005

        6126

        8089

    7.8000

        3985

        6210

        8090

    7.9000

        3963

        6210

        8108

     8

        3975

        6164

        8073

    8.1000

        3944

        6143

        8097

    8.2000

        3981

        6162

        8095

    8.3000

        3953

        6072

        8108

    8.4000

        3926

        6149

        8148

    8.5000

        3993

        6145

        8154

    8.6000

        3975

        6182

        8097

    8.7000

        3988

        6207

        8195

    8.8000

        3987

        6088

        8072

    8.9000

        3960

        6151

        8142

     9

        4001

        6177

        8102

    9.1000

        3994

        6118

        8132

    9.2000

        3924

        6098

        8022

    9.3000

        3981

        6099

        8070

    9.4000

        4005

        6134

        8083

    9.5000

        3984

        6113

        8160

    9.6000

        3967

        6074

        8154

    9.7000

        3994

        6163

        8102

    9.8000

        3983

        6163

        8127

    9.9000

        4011

        6106

        8191

    10

        3962

        6176

        8153

