     0

   361

   345

   369

    0.0100

   769

   338

   408

    0.0200

   909

   408

   467

    0.0300

   960

   435

   515

    0.0400

   987

   471

   540

    0.0500

   996

   488

   569

    0.0600

   999

   543

   667

    0.0700

   999

   550

   674

    0.0800

        1000

   639

   731

    0.0900

        1000

   652

   770

    0.1000

        1000

   691

   820

    0.1100

        1000

   709

   824

    0.1200

        1000

   758

   864

    0.1300

        1000

   769

   891

    0.1400

        1000

   794

   913

    0.1500

        1000

   815

   919

    0.1600

        1000

   832

   938

    0.1700

        1000

   855

   939

    0.1800

        1000

   870

   964

    0.1900

        1000

   907

   971

    0.2000

        1000

   914

   974

    0.2100

        1000

   937

   979

    0.2200

        1000

   945

   986

    0.2300

        1000

   951

   986

    0.2400

        1000

   949

   988

    0.2500

        1000

   961

   991

    0.2600

        1000

   970

   996

    0.2700

        1000

   971

   996

    0.2800

        1000

   986

   997

    0.2900

        1000

   984

   997

    0.3000

        1000

   985

   999

    0.3100

        1000

   990

   997

    0.3200

        1000

   993

   999

    0.3300

        1000

   993

   999

    0.3400

        1000

   992

   999

    0.3500

        1000

   995

   999

    0.3600

        1000

   994

        1000

    0.3700

        1000

   998

   999

    0.3800

        1000

   998

        1000

    0.3900

        1000

        1000

        1000

    0.4000

        1000

   999

        1000

    0.4100

        1000

        1000

        1000

    0.4200

        1000

   999

        1000

    0.4300

        1000

   999

        1000

    0.4400

        1000

   998

        1000

    0.4500

        1000

        1000

        1000

    0.4600

        1000

   999

        1000

    0.4700

        1000

        1000

        1000

    0.4800

        1000

        1000

        1000

    0.4900

        1000

        1000

        1000

    0.5000

        1000

   999

        1000

    0.5100

        1000

        1000

        1000

    0.5200

        1000

        1000

        1000

    0.5300

        1000

        1000

        1000

    0.5400

        1000

        1000

        1000

    0.5500

        1000

        1000

        1000

    0.5600

        1000

        1000

        1000

    0.5700

        1000

        1000

        1000

    0.5800

        1000

        1000

        1000

    0.5900

        1000

        1000

        1000

    0.6000

        1000

        1000

        1000

    0.6100

        1000

        1000

        1000

    0.6200

        1000

        1000

        1000

    0.6300

        1000

        1000

        1000

    0.6400

        1000

        1000

        1000

    0.6500

        1000

        1000

        1000

    0.6600

        1000

        1000

        1000

    0.6700

        1000

        1000

        1000

    0.6800

        1000

        1000

        1000

    0.6900

        1000

        1000

        1000

    0.7000

        1000

        1000

        1000

    0.7100

        1000

        1000

        1000

    0.7200

        1000

        1000

        1000

    0.7300

        1000

        1000

        1000

    0.7400

        1000

        1000

        1000

    0.7500

        1000

        1000

        1000

    0.7600

        1000

        1000

        1000

    0.7700

        1000

        1000

        1000

    0.7800

        1000

        1000

        1000

    0.7900

        1000

        1000

        1000

    0.8000

        1000

        1000

        1000

    0.8100

        1000

        1000

        1000

    0.8200

        1000

        1000

        1000

    0.8300

        1000

        1000

        1000

    0.8400

        1000

        1000

        1000

    0.8500

        1000

        1000

        1000

    0.8600

        1000

        1000

        1000

    0.8700

        1000

        1000

        1000

    0.8800

        1000

        1000

        1000

    0.8900

        1000

        1000

        1000

    0.9000

        1000

        1000

        1000

    0.9100

        1000

        1000

        1000

    0.9200

        1000

        1000

        1000

    0.9300

        1000

        1000

        1000

    0.9400

        1000

        1000

        1000

    0.9500

        1000

        1000

        1000

    0.9600

        1000

        1000

        1000

    0.9700

        1000

        1000

        1000

    0.9800

        1000

        1000

        1000

    0.9900

        1000

        1000

        1000

     1

        1000

        1000

        1000

    1.0100

        1000

        1000

        1000

    1.0200

        1000

        1000

        1000

    1.0300

        1000

        1000

        1000

    1.0400

        1000

        1000

        1000

    1.0500

        1000

        1000

        1000

    1.0600

        1000

        1000

        1000

    1.0700

        1000

        1000

        1000

    1.0800

        1000

        1000

        1000

    1.0900

        1000

        1000

        1000

    1.1000

        1000

        1000

        1000

    1.1100

        1000

        1000

        1000

    1.1200

        1000

        1000

        1000

    1.1300

        1000

        1000

        1000

    1.1400

        1000

        1000

        1000

    1.1500

        1000

        1000

        1000

    1.1600

        1000

        1000

        1000

    1.1700

        1000

        1000

        1000

    1.1800

        1000

        1000

        1000

    1.1900

        1000

        1000

        1000

    1.2000

        1000

        1000

        1000

    1.2100

        1000

        1000

        1000

    1.2200

        1000

        1000

        1000

    1.2300

        1000

        1000

        1000

    1.2400

        1000

        1000

        1000

    1.2500

        1000

        1000

        1000

    1.2600

        1000

        1000

        1000

    1.2700

        1000

        1000

        1000

    1.2800

        1000

        1000

        1000

    1.2900

        1000

        1000

        1000

    1.3000

        1000

        1000

        1000

    1.3100

        1000

        1000

        1000

    1.3200

        1000

        1000

        1000

    1.3300

        1000

        1000

        1000

    1.3400

        1000

        1000

        1000

    1.3500

        1000

        1000

        1000

    1.3600

        1000

        1000

        1000

    1.3700

        1000

        1000

        1000

    1.3800

        1000

        1000

        1000

    1.3900

        1000

        1000

        1000

    1.4000

        1000

        1000

        1000

    1.4100

        1000

        1000

        1000

    1.4200

        1000

        1000

        1000

    1.4300

        1000

        1000

        1000

    1.4400

        1000

        1000

        1000

    1.4500

        1000

        1000

        1000

    1.4600

        1000

        1000

        1000

    1.4700

        1000

        1000

        1000

    1.4800

        1000

        1000

        1000

    1.4900

        1000

        1000

        1000

    1.5000

        1000

        1000

        1000

    1.5100

        1000

        1000

        1000

    1.5200

        1000

        1000

        1000

    1.5300

        1000

        1000

        1000

    1.5400

        1000

        1000

        1000

    1.5500

        1000

        1000

        1000

    1.5600

        1000

        1000

        1000

    1.5700

        1000

        1000

        1000

    1.5800

        1000

        1000

        1000

    1.5900

        1000

        1000

        1000

    1.6000

        1000

        1000

        1000

    1.6100

        1000

        1000

        1000

    1.6200

        1000

        1000

        1000

    1.6300

        1000

        1000

        1000

    1.6400

        1000

        1000

        1000

    1.6500

        1000

        1000

        1000

    1.6600

        1000

        1000

        1000

    1.6700

        1000

        1000

        1000

    1.6800

        1000

        1000

        1000

    1.6900

        1000

        1000

        1000

    1.7000

        1000

        1000

        1000

    1.7100

        1000

        1000

        1000

    1.7200

        1000

        1000

        1000

    1.7300

        1000

        1000

        1000

    1.7400

        1000

        1000

        1000

    1.7500

        1000

        1000

        1000

    1.7600

        1000

        1000

        1000

    1.7700

        1000

        1000

        1000

    1.7800

        1000

        1000

        1000

    1.7900

        1000

        1000

        1000

    1.8000

        1000

        1000

        1000

    1.8100

        1000

        1000

        1000

    1.8200

        1000

        1000

        1000

    1.8300

        1000

        1000

        1000

    1.8400

        1000

        1000

        1000

    1.8500

        1000

        1000

        1000

    1.8600

        1000

        1000

        1000

    1.8700

        1000

        1000

        1000

    1.8800

        1000

        1000

        1000

    1.8900

        1000

        1000

        1000

    1.9000

        1000

        1000

        1000

    1.9100

        1000

        1000

        1000

    1.9200

        1000

        1000

        1000

    1.9300

        1000

        1000

        1000

    1.9400

        1000

        1000

        1000

    1.9500

        1000

        1000

        1000

    1.9600

        1000

        1000

        1000

    1.9700

        1000

        1000

        1000

    1.9800

        1000

        1000

        1000

    1.9900

        1000

        1000

        1000

     2

        1000

        1000

        1000

    2.0100

        1000

        1000

        1000

    2.0200

        1000

        1000

        1000

    2.0300

        1000

        1000

        1000

    2.0400

        1000

        1000

        1000

    2.0500

        1000

        1000

        1000

    2.0600

        1000

        1000

        1000

    2.0700

        1000

        1000

        1000

    2.0800

        1000

        1000

        1000

    2.0900

        1000

        1000

        1000

    2.1000

        1000

        1000

        1000

    2.1100

        1000

        1000

        1000

    2.1200

        1000

        1000

        1000

    2.1300

        1000

        1000

        1000

    2.1400

        1000

        1000

        1000

    2.1500

        1000

        1000

        1000

    2.1600

        1000

        1000

        1000

    2.1700

        1000

        1000

        1000

    2.1800

        1000

        1000

        1000

    2.1900

        1000

        1000

        1000

    2.2000

        1000

        1000

        1000

    2.2100

        1000

        1000

        1000

    2.2200

        1000

        1000

        1000

    2.2300

        1000

        1000

        1000

    2.2400

        1000

        1000

        1000

    2.2500

        1000

        1000

        1000

    2.2600

        1000

        1000

        1000

    2.2700

        1000

        1000

        1000

    2.2800

        1000

        1000

        1000

    2.2900

        1000

        1000

        1000

    2.3000

        1000

        1000

        1000

    2.3100

        1000

        1000

        1000

    2.3200

        1000

        1000

        1000

    2.3300

        1000

        1000

        1000

    2.3400

        1000

        1000

        1000

    2.3500

        1000

        1000

        1000

    2.3600

        1000

        1000

        1000

    2.3700

        1000

        1000

        1000

    2.3800

        1000

        1000

        1000

    2.3900

        1000

        1000

        1000

    2.4000

        1000

        1000

        1000

    2.4100

        1000

        1000

        1000

    2.4200

        1000

        1000

        1000

    2.4300

        1000

        1000

        1000

    2.4400

        1000

        1000

        1000

    2.4500

        1000

        1000

        1000

    2.4600

        1000

        1000

        1000

    2.4700

        1000

        1000

        1000

    2.4800

        1000

        1000

        1000

    2.4900

        1000

        1000

        1000

    2.5000

        1000

        1000

        1000

    2.5100

        1000

        1000

        1000

    2.5200

        1000

        1000

        1000

    2.5300

        1000

        1000

        1000

    2.5400

        1000

        1000

        1000

    2.5500

        1000

        1000

        1000

    2.5600

        1000

        1000

        1000

    2.5700

        1000

        1000

        1000

    2.5800

        1000

        1000

        1000

    2.5900

        1000

        1000

        1000

    2.6000

        1000

        1000

        1000

    2.6100

        1000

        1000

        1000

    2.6200

        1000

        1000

        1000

    2.6300

        1000

        1000

        1000

    2.6400

        1000

        1000

        1000

    2.6500

        1000

        1000

        1000

    2.6600

        1000

        1000

        1000

    2.6700

        1000

        1000

        1000

    2.6800

        1000

        1000

        1000

    2.6900

        1000

        1000

        1000

    2.7000

        1000

        1000

        1000

    2.7100

        1000

        1000

        1000

    2.7200

        1000

        1000

        1000

    2.7300

        1000

        1000

        1000

    2.7400

        1000

        1000

        1000

    2.7500

        1000

        1000

        1000

    2.7600

        1000

        1000

        1000

    2.7700

        1000

        1000

        1000

    2.7800

        1000

        1000

        1000

    2.7900

        1000

        1000

        1000

    2.8000

        1000

        1000

        1000

    2.8100

        1000

        1000

        1000

    2.8200

        1000

        1000

        1000

    2.8300

        1000

        1000

        1000

    2.8400

        1000

        1000

        1000

    2.8500

        1000

        1000

        1000

    2.8600

        1000

        1000

        1000

    2.8700

        1000

        1000

        1000

    2.8800

        1000

        1000

        1000

    2.8900

        1000

        1000

        1000

    2.9000

        1000

        1000

        1000

    2.9100

        1000

        1000

        1000

    2.9200

        1000

        1000

        1000

    2.9300

        1000

        1000

        1000

    2.9400

        1000

        1000

        1000

    2.9500

        1000

        1000

        1000

    2.9600

        1000

        1000

        1000

    2.9700

        1000

        1000

        1000

    2.9800

        1000

        1000

        1000

    2.9900

        1000

        1000

        1000

     3

        1000

        1000

        1000

