     0

   348

   347

   342

    0.0500

   475

   540

   655

    0.1000

   584

   725

   864

    0.1500

   689

   847

   961

    0.2000

   797

   935

   987

    0.2500

   851

   979

        1000

    0.3000

   900

   993

   998

    0.3500

   944

   998

        1000

    0.4000

   965

   997

        1000

    0.4500

   983

        1000

        1000

    0.5000

   987

        1000

        1000

    0.5500

   995

        1000

        1000

    0.6000

   993

        1000

        1000

    0.6500

   999

        1000

        1000

    0.7000

   998

        1000

        1000

    0.7500

        1000

        1000

        1000

    0.8000

        1000

        1000

        1000

    0.8500

        1000

        1000

        1000

    0.9000

        1000

        1000

        1000

    0.9500

        1000

        1000

        1000

     1

        1000

        1000

        1000

    1.0500

   999

        1000

        1000

    1.1000

        1000

        1000

        1000

    1.1500

        1000

        1000

        1000

    1.2000

        1000

        1000

        1000

    1.2500

        1000

        1000

        1000

    1.3000

        1000

        1000

        1000

    1.3500

        1000

        1000

        1000

    1.4000

        1000

        1000

        1000

    1.4500

        1000

        1000

        1000

    1.5000

        1000

        1000

        1000

    1.5500

        1000

        1000

        1000

    1.6000

        1000

        1000

        1000

    1.6500

        1000

        1000

        1000

    1.7000

        1000

        1000

        1000

    1.7500

        1000

        1000

        1000

    1.8000

        1000

        1000

        1000

    1.8500

        1000

        1000

        1000

    1.9000

        1000

        1000

        1000

    1.9500

        1000

        1000

        1000

     2

        1000

        1000

        1000

