     0

        1000

   926

   975

   5.0000e-05

   935

   925

   978

   1.0000e-04

   868

   929

   980

   1.5000e-04

   787

   908

   971

   2.0000e-04

   746

   907

   967

   2.5000e-04

   674

   925

   981

   3.0000e-04

   687

   920

   978

   3.5000e-04

   624

   911

   982

   4.0000e-04

   605

   891

   970

   4.5000e-04

   573

   920

   982

   5.0000e-04

   565

   906

   976

   5.5000e-04

   540

   910

   979

   6.0000e-04

   500

   916

   972

   6.5000e-04

   498

   941

   978

   7.0000e-04

   493

   895

   967

   7.5000e-04

   499

   910

   982

   8.0000e-04

   492

   906

   978

   8.5000e-04

   509

   917

   972

   9.0000e-04

   466

   907

   968

   9.5000e-04

   468

   901

   980

   1.0000e-03

   486

   911

   968

    0.0011

   463

   923

   975

    0.0011

   455

   903

   968

    0.0011

   454

   907

   973

    0.0012

   485

   917

   973

    0.0013

   453

   902

   981

    0.0013

   447

   915

   979

    0.0014

   486

   918

   983

    0.0014

   471

   918

   976

    0.0015

   469

   896

   976

    0.0015

   435

   918

   980

    0.0016

   439

   920

   980

    0.0016

   455

   904

   977

    0.0016

   443

   921

   980

    0.0017

   487

   914

   979

    0.0018

   440

   912

   973

    0.0018

   457

   916

   981

    0.0019

   437

   916

   982

    0.0019

   459

   919

   981

    0.0020

   456

   919

   975

    0.0020

   479

   920

   982

    0.0021

   459

   919

   975

    0.0021

   463

   913

   981

    0.0022

   474

   895

   980

    0.0022

   426

   924

   977

    0.0023

   456

   911

   974

    0.0023

   444

   919

   976

    0.0024

   453

   904

   974

    0.0024

   445

   912

   976

    0.0024

   496

   915

   984

    0.0025

   467

   915

   987

    0.0026

   452

   904

   979

    0.0026

   454

   923

   976

    0.0027

   467

   906

   967

    0.0027

   470

   915

   972

    0.0028

   453

   916

   980

    0.0028

   470

   907

   973

    0.0029

   458

   926

   982

    0.0029

   430

   896

   975

    0.0029

   484

   912

   972

    0.0030

   430

   913

   978

    0.0031

   443

   917

   968

    0.0031

   450

   909

   981

    0.0032

   477

   904

   976

    0.0032

   442

   915

   969

    0.0033

   469

   903

   971

    0.0033

   448

   912

   982

    0.0034

   437

   916

   971

    0.0034

   450

   915

   974

    0.0035

   441

   897

   965

    0.0035

   454

   908

   974

    0.0036

   454

   903

   981

    0.0036

   458

   906

   975

    0.0037

   443

   889

   973

    0.0037

   447

   902

   978

    0.0038

   469

   910

   977

    0.0038

   463

   900

   973

    0.0039

   480

   907

   979

    0.0039

   465

   897

   984

    0.0040

   442

   911

   973

    0.0040

   461

   913

   978

    0.0040

   435

   908

   981

    0.0041

   434

   917

   981

    0.0042

   446

   897

   982

    0.0042

   467

   912

   973

    0.0043

   461

   922

   979

    0.0043

   461

   931

   974

    0.0044

   474

   915

   974

    0.0044

   469

   886

   971

    0.0044

   436

   906

   976

    0.0045

   465

   916

   978

    0.0046

   452

   893

   967

    0.0046

   464

   903

   973

    0.0047

   457

   917

   973

    0.0047

   452

   895

   974

    0.0047

   455

   916

   973

    0.0048

   457

   909

   982

    0.0049

   455

   927

   974

    0.0049

   489

   911

   981

    0.0050

   450

   913

   978

    0.0050

   482

   918

   983

