     0

        1000

   926

   975

   5.0000e-04

   580

   923

   978

   1.0000e-03

   482

   911

   974

    0.0015

   461

   908

   973

    0.0020

   441

   912

   985

    0.0025

   452

   910

   973

    0.0030

   449

   901

   980

    0.0035

   469

   904

   973

    0.0040

   434

   902

   983

    0.0045

   462

   913

   978

    0.0050

   445

   903

   973

    0.0055

   484

   904

   980

    0.0060

   470

   895

   974

    0.0065

   490

   917

   977

    0.0070

   456

   903

   978

    0.0075

   455

   910

   974

    0.0080

   468

   896

   965

    0.0085

   438

   894

   969

    0.0090

   438

   914

   984

    0.0095

   469

   898

   978

    0.0100

   465

   904

   978

    0.0105

   438

   889

   975

    0.0110

   469

   902

   981

    0.0115

   459

   892

   983

    0.0120

   460

   893

   984

    0.0125

   463

   909

   979

    0.0130

   430

   897

   979

    0.0135

   450

   899

   967

    0.0140

   455

   904

   991

    0.0145

   472

   899

   971

    0.0150

   450

   897

   979

    0.0155

   456

   886

   970

    0.0160

   457

   890

   982

    0.0165

   459

   879

   975

    0.0170

   451

   897

   973

    0.0175

   457

   902

   968

    0.0180

   456

   882

   965

    0.0185

   461

   900

   974

    0.0190

   458

   881

   970

    0.0195

   450

   892

   980

    0.0200

   487

   908

   967

    0.0205

   460

   893

   976

    0.0210

   458

   900

   977

    0.0215

   450

   899

   973

    0.0220

   466

   887

   979

    0.0225

   465

   892

   971

    0.0230

   471

   881

   973

    0.0235

   437

   887

   982

    0.0240

   446

   886

   969

    0.0245

   460

   876

   983

    0.0250

   450

   887

   975

    0.0255

   453

   867

   973

    0.0260

   463

   894

   979

    0.0265

   435

   893

   980

    0.0270

   450

   884

   973

    0.0275

   460

   901

   985

    0.0280

   463

   886

   983

    0.0285

   443

   898

   976

    0.0290

   445

   887

   971

    0.0295

   427

   885

   981

    0.0300

   461

   890

   973

    0.0305

   404

   882

   977

    0.0310

   454

   876

   986

    0.0315

   461

   880

   968

    0.0320

   465

   870

   979

    0.0325

   423

   868

   961

    0.0330

   449

   866

   976

    0.0335

   442

   885

   972

    0.0340

   449

   868

   979

    0.0345

   464

   877

   970

    0.0350

   435

   859

   975

    0.0355

   451

   893

   979

    0.0360

   481

   857

   978

    0.0365

   465

   899

   980

    0.0370

   453

   880

   977

    0.0375

   437

   878

   981

    0.0380

   445

   871

   978

    0.0385

   476

   845

   968

    0.0390

   455

   881

   984

    0.0395

   449

   871

   978

    0.0400

   450

   866

   979

    0.0405

   439

   872

   977

    0.0410

   458

   875

   975

    0.0415

   477

   869

   980

    0.0420

   468

   880

   981

    0.0425

   456

   858

   970

    0.0430

   447

   875

   983

    0.0435

   432

   879

   983

    0.0440

   454

   882

   982

    0.0445

   480

   864

   982

    0.0450

   457

   857

   971

    0.0455

   473

   875

   979

    0.0460

   459

   856

   982

    0.0465

   484

   857

   971

    0.0470

   447

   871

   988

    0.0475

   472

   886

   978

    0.0480

   421

   885

   971

    0.0485

   439

   861

   971

    0.0490

   465

   862

   981

    0.0495

   454

   846

   974

    0.0500

   446

   876

   977

