     0

        3386

        3023

        3647

    0.5000

       10000

       10000

       10000

     1

       10000

       10000

       10000

    1.5000

       10000

       10000

       10000

     2

       10000

       10000

       10000

    2.5000

       10000

       10000

       10000

     3

       10000

       10000

       10000

    3.5000

       10000

       10000

       10000

     4

       10000

       10000

       10000

    4.5000

       10000

       10000

       10000

     5

       10000

       10000

       10000

    5.5000

       10000

       10000

       10000

     6

       10000

       10000

       10000

    6.5000

       10000

       10000

       10000

     7

       10000

       10000

       10000

    7.5000

       10000

       10000

       10000

     8

       10000

       10000

       10000

    8.5000

       10000

       10000

       10000

     9

       10000

       10000

       10000

    9.5000

       10000

       10000

       10000

    10

       10000

       10000

       10000

   10.5000

       10000

       10000

       10000

    11

       10000

       10000

       10000

   11.5000

       10000

       10000

       10000

    12

       10000

       10000

       10000

   12.5000

       10000

       10000

       10000

    13

       10000

       10000

       10000

   13.5000

       10000

       10000

       10000

    14

       10000

       10000

       10000

   14.5000

       10000

       10000

       10000

    15

       10000

       10000

       10000

   15.5000

       10000

       10000

       10000

    16

       10000

       10000

       10000

   16.5000

       10000

       10000

       10000

    17

       10000

       10000

       10000

   17.5000

       10000

       10000

       10000

    18

       10000

       10000

       10000

   18.5000

       10000

       10000

       10000

    19

       10000

       10000

       10000

   19.5000

       10000

       10000

       10000

    20

       10000

       10000

       10000

