     0

        3486

        2842

        3451

    0.0500

        6079

        6628

        6825

    0.1000

        8122

        9106

        9037

    0.1500

        9214

        9866

        9828

    0.2000

        9741

        9987

        9978

    0.2500

        9915

       10000

        9999

    0.3000

        9990

       10000

       10000

    0.3500

        9999

       10000

       10000

    0.4000

        9999

       10000

       10000

    0.4500

       10000

       10000

       10000

    0.5000

       10000

       10000

       10000

    0.5500

       10000

       10000

       10000

    0.6000

       10000

       10000

       10000

    0.6500

       10000

       10000

       10000

    0.7000

       10000

       10000

       10000

    0.7500

       10000

       10000

       10000

    0.8000

       10000

       10000

       10000

    0.8500

       10000

       10000

       10000

    0.9000

       10000

       10000

       10000

    0.9500

       10000

       10000

       10000

     1

       10000

       10000

       10000

    1.0500

       10000

       10000

       10000

    1.1000

       10000

       10000

       10000

    1.1500

       10000

       10000

       10000

    1.2000

       10000

       10000

       10000

    1.2500

       10000

       10000

       10000

    1.3000

       10000

       10000

       10000

    1.3500

       10000

       10000

       10000

    1.4000

       10000

       10000

       10000

    1.4500

       10000

       10000

       10000

    1.5000

       10000

       10000

       10000

    1.5500

       10000

       10000

       10000

    1.6000

       10000

       10000

       10000

    1.6500

       10000

       10000

       10000

    1.7000

       10000

       10000

       10000

    1.7500

       10000

       10000

       10000

    1.8000

       10000

       10000

       10000

    1.8500

       10000

       10000

       10000

    1.9000

       10000

       10000

       10000

    1.9500

       10000

       10000

       10000

     2

       10000

       10000

       10000

