     0

        3414

        2659

        3293

    0.0500

        5985

        6057

        6616

    0.1000

        8009

        8757

        8869

    0.1500

        9200

        9710

        9758

    0.2000

        9741

        9976

        9966

    0.2500

        9939

        9997

        9997

    0.3000

        9988

       10000

       10000

    0.3500

        9997

       10000

       10000

    0.4000

       10000

       10000

       10000

    0.4500

       10000

       10000

       10000

    0.5000

       10000

       10000

       10000

    0.5500

       10000

       10000

       10000

    0.6000

       10000

       10000

       10000

    0.6500

       10000

       10000

       10000

    0.7000

       10000

       10000

       10000

    0.7500

       10000

       10000

       10000

    0.8000

       10000

       10000

       10000

    0.8500

       10000

       10000

       10000

    0.9000

       10000

       10000

       10000

    0.9500

       10000

       10000

       10000

     1

       10000

       10000

       10000

    1.0500

       10000

       10000

       10000

    1.1000

       10000

       10000

       10000

    1.1500

       10000

       10000

       10000

    1.2000

       10000

       10000

       10000

    1.2500

       10000

       10000

       10000

    1.3000

       10000

       10000

       10000

    1.3500

       10000

       10000

       10000

    1.4000

       10000

       10000

       10000

    1.4500

       10000

       10000

       10000

    1.5000

       10000

       10000

       10000

    1.5500

       10000

       10000

       10000

    1.6000

       10000

       10000

       10000

    1.6500

       10000

       10000

       10000

    1.7000

       10000

       10000

       10000

    1.7500

       10000

       10000

       10000

    1.8000

       10000

       10000

       10000

    1.8500

       10000

       10000

       10000

    1.9000

       10000

       10000

       10000

    1.9500

       10000

       10000

       10000

     2

       10000

       10000

       10000

