     0

   310

   335

   332

    0.0100

   356

   388

   403

    0.0200

   386

   431

   504

    0.0300

   440

   491

   585

    0.0400

   485

   527

   633

    0.0500

   510

   606

   688

    0.0600

   535

   682

   775

    0.0700

   536

   689

   813

    0.0800

   591

   741

   852

    0.0900

   634

   797

   893

    0.1000

   657

   798

   914

    0.1100

   681

   858

   949

    0.1200

   714

   901

   967

    0.1300

   756

   916

   973

    0.1400

   760

   930

   976

    0.1500

   784

   948

   994

    0.1600

   796

   940

   986

    0.1700

   831

   954

   993

    0.1800

   861

   976

   997

    0.1900

   865

   970

   997

    0.2000

   890

   979

   999

    0.2100

   886

   981

   999

    0.2200

   919

   994

        1000

    0.2300

   918

   994

        1000

    0.2400

