     0

       10000

        9160

        9743

    0.0100

        4490

        9014

        9724

    0.0200

        4511

        8927

        9760

    0.0300

        4519

        8883

        9748

    0.0400

        4618

        8723

        9750

    0.0500

        4547

        8629

        9739

    0.0600

        4593

        8636

        9752

    0.0700

        4559

        8504

        9749

    0.0800

        4593

        8527

        9759

    0.0900

        4499

        8471

        9766

    0.1000

        4600

        8462

        9743

    0.1100

        4548

        8368

        9777

    0.1200

        4556

        8322

        9754

    0.1300

        4561

        8354

        9744

    0.1400

        4515

        8304

        9748

    0.1500

        4531

        8356

        9738

    0.1600

        4601

        8289

        9719

    0.1700

        4582

        8358

        9763

    0.1800

        4480

        8314

        9740

    0.1900

        4526

        8333

        9736

    0.2000

        4584

        8331

        9751

    0.2100

        4459

        8352

        9729

    0.2200

        4603

        8325

        9731

    0.2300

        4593

        8310

        9768

    0.2400

        4559

        8261

        9773

    0.2500

        4540

        8285

        9746

    0.2600

        4578

        8317

        9730

    0.2700

        4551

        8336

        9779

    0.2800

        4486

        8337

        9758

    0.2900

        4535

        8389

        9764

    0.3000

        4564

        8375

        9765

    0.3100

        4574

        8273

        9747

    0.3200

        4540

        8330

        9747

    0.3300

        4652

        8324

        9767

    0.3400

        4593

        8347

        9762

    0.3500

        4474

        8357

        9783

    0.3600

        4506

        8335

        9756

    0.3700

        4563

        8296

        9757

    0.3800

        4652

        8327

        9748

    0.3900

        4543

        8327

        9758

    0.4000

        4486

        8317

        9746

    0.4100

        4601

        8310

        9750

    0.4200

        4563

        8262

        9757

    0.4300

        4552

        8333

        9755

    0.4400

        4496

        8387

        9770

    0.4500

        4667

        8335

        9759

    0.4600

        4526

        8338

        9737

    0.4700

        4535

        8318

        9767

    0.4800

        4573

        8260

        9758

    0.4900

        4563

        8301

        9735

    0.5000

        4522

        8358

        9778

    0.5100

        4544

        8323

        9777

    0.5200

        4495

        8283

        9757

    0.5300

        4535

        8277

        9753

    0.5400

        4590

        8373

        9744

    0.5500

        4484

        8276

        9738

    0.5600

        4492

        8319

        9758

    0.5700

        4505

        8333

        9762

    0.5800

        4511

        8336

        9743

    0.5900

        4516

        8318

        9735

    0.6000

        4591

        8367

        9781

    0.6100

        4495

        8357

        9771

    0.6200

        4525

        8291

        9765

    0.6300

        4617

        8313

        9760

    0.6400

        4597

        8309

        9742

    0.6500

        4627

        8388

        9764

    0.6600

        4494

        8371

        9781

    0.6700

        4489

        8321

        9737

    0.6800

        4583

        8291

        9742

    0.6900

        4658

        8369

        9779

    0.7000

        4496

        8321

        9736

    0.7100

        4592

        8313

        9801

    0.7200

        4513

        8302

        9769

    0.7300

        4610

        8333

        9785

    0.7400

        4567

        8352

        9756

    0.7500

        4576

        8294

        9763

    0.7600

        4500

        8367

        9776

    0.7700

        4480

        8279

        9748

    0.7800

        4618

        8388

        9780

    0.7900

        4590

        8347

        9746

    0.8000

        4578

        8334

        9758

    0.8100

        4532

        8422

        9781

    0.8200

        4465

        8343

        9739

    0.8300

        4488

        8352

        9738

    0.8400

        4563

        8319

        9767

    0.8500

        4523

        8303

        9764

    0.8600

        4592

        8376

        9741

    0.8700

        4512

        8339

        9738

    0.8800

        4559

        8302

        9741

    0.8900

        4505

        8308

        9773

    0.9000

        4564

        8293

        9721

    0.9100

        4595

        8346

        9755

    0.9200

        4551

        8261

        9744

    0.9300

        4638

        8261

        9764

    0.9400

        4541

        8301

        9733

    0.9500

        4570

        8294

        9737

    0.9600

        4516

        8323

        9712

    0.9700

        4516

        8281

        9722

    0.9800

        4584

        8312

        9751

    0.9900

        4508

        8355

        9717

     1

        4512

        8376

        9772

